TN:
SF:server/encryption.ts
FN:12,encrypt
FN:21,decrypt
FNF:2
FNH:2
FNDA:9,encrypt
FNDA:10,decrypt
DA:4,1
DA:6,1
DA:7,0
DA:10,1
DA:13,9
DA:14,9
DA:15,9
DA:16,9
DA:17,9
DA:18,9
DA:22,10
DA:23,10
DA:24,10
DA:25,10
DA:26,10
DA:27,10
DA:28,10
DA:29,10
LF:18
LH:17
BRDA:4,0,0,1
BRDA:4,0,1,0
BRDA:6,1,0,0
BRDA:6,1,1,1
BRF:4
BRH:2
end_of_record
TN:
SF:server/googleDocsService.ts
FN:6,getGoogleAuth
FN:27,(anonymous_1)
FN:55,listGoogleDocs
FN:102,getGoogleDocContent
FN:152,convertHtmlToGoogleDocsRequests
FN:342,createGoogleDoc
FNF:6
FNH:0
FNDA:0,getGoogleAuth
FNDA:0,(anonymous_1)
FNDA:0,listGoogleDocs
FNDA:0,getGoogleDocContent
FNDA:0,convertHtmlToGoogleDocsRequests
FNDA:0,createGoogleDoc
DA:7,0
DA:13,0
DA:14,0
DA:15,0
DA:19,0
DA:20,0
DA:21,0
DA:27,0
DA:28,0
DA:30,0
DA:32,0
DA:33,0
DA:34,0
DA:37,0
DA:41,0
DA:46,0
DA:56,0
DA:58,0
DA:59,0
DA:60,0
DA:63,0
DA:64,0
DA:66,0
DA:67,0
DA:71,0
DA:72,0
DA:80,0
DA:81,0
DA:84,0
DA:87,0
DA:88,0
DA:92,0
DA:103,0
DA:104,0
DA:107,0
DA:113,0
DA:122,0
DA:125,0
DA:126,0
DA:127,0
DA:131,0
DA:137,0
DA:153,0
DA:156,0
DA:168,0
DA:169,0
DA:170,0
DA:173,0
DA:174,0
DA:175,0
DA:177,0
DA:178,0
DA:180,0
DA:181,0
DA:182,0
DA:185,0
DA:186,0
DA:188,0
DA:189,0
DA:190,0
DA:192,0
DA:193,0
DA:196,0
DA:197,0
DA:198,0
DA:200,0
DA:202,0
DA:203,0
DA:204,0
DA:205,0
DA:206,0
DA:207,0
DA:208,0
DA:209,0
DA:211,0
DA:212,0
DA:214,0
DA:215,0
DA:216,0
DA:218,0
DA:220,0
DA:221,0
DA:222,0
DA:223,0
DA:224,0
DA:225,0
DA:226,0
DA:227,0
DA:229,0
DA:230,0
DA:232,0
DA:233,0
DA:234,0
DA:236,0
DA:238,0
DA:239,0
DA:240,0
DA:241,0
DA:243,0
DA:244,0
DA:245,0
DA:247,0
DA:249,0
DA:250,0
DA:251,0
DA:255,0
DA:256,0
DA:257,0
DA:261,0
DA:264,0
DA:265,0
DA:270,0
DA:271,0
DA:275,0
DA:280,0
DA:282,0
DA:283,0
DA:284,0
DA:285,0
DA:287,0
DA:288,0
DA:289,0
DA:290,0
DA:293,0
DA:294,0
DA:303,0
DA:304,0
DA:308,0
DA:316,0
DA:317,0
DA:329,0
DA:347,0
DA:350,0
DA:363,0
DA:368,0
DA:374,0
DA:380,0
DA:381,0
DA:382,0
DA:386,0
DA:387,0
DA:389,0
DA:394,0
DA:395,0
DA:397,0
DA:399,0
DA:400,0
DA:403,0
DA:420,0
DA:421,0
DA:430,0
DA:433,0
LF:152
LH:0
BRDA:14,0,0,0
BRDA:14,0,1,0
BRDA:20,1,0,0
BRDA:20,1,1,0
BRDA:30,2,0,0
BRDA:30,2,1,0
BRDA:32,3,0,0
BRDA:32,3,1,0
BRDA:32,3,2,0
BRDA:43,4,0,0
BRDA:43,4,1,0
BRDA:64,5,0,0
BRDA:64,5,1,0
BRDA:80,6,0,0
BRDA:80,6,1,0
BRDA:84,7,0,0
BRDA:84,7,1,0
BRDA:87,8,0,0
BRDA:87,8,1,0
BRDA:126,9,0,0
BRDA:126,9,1,0
BRDA:138,10,0,0
BRDA:138,10,1,0
BRDA:139,11,0,0
BRDA:139,11,1,0
BRDA:175,12,0,0
BRDA:175,12,1,0
BRDA:178,13,0,0
BRDA:178,13,1,0
BRDA:182,14,0,0
BRDA:182,14,1,0
BRDA:185,15,0,0
BRDA:185,15,1,0
BRDA:185,16,0,0
BRDA:185,16,1,0
BRDA:186,17,0,0
BRDA:186,17,1,0
BRDA:188,18,0,0
BRDA:188,18,1,0
BRDA:193,19,0,0
BRDA:193,19,1,0
BRDA:196,20,0,0
BRDA:196,20,1,0
BRDA:200,21,0,0
BRDA:200,21,1,0
BRDA:205,22,0,0
BRDA:205,22,1,0
BRDA:205,23,0,0
BRDA:205,23,1,0
BRDA:206,24,0,0
BRDA:206,24,1,0
BRDA:207,25,0,0
BRDA:207,25,1,0
BRDA:212,26,0,0
BRDA:212,26,1,0
BRDA:214,27,0,0
BRDA:214,27,1,0
BRDA:218,28,0,0
BRDA:218,28,1,0
BRDA:223,29,0,0
BRDA:223,29,1,0
BRDA:224,30,0,0
BRDA:224,30,1,0
BRDA:225,31,0,0
BRDA:225,31,1,0
BRDA:230,32,0,0
BRDA:230,32,1,0
BRDA:232,33,0,0
BRDA:232,33,1,0
BRDA:236,34,0,0
BRDA:236,34,1,0
BRDA:241,35,0,0
BRDA:241,35,1,0
BRDA:241,36,0,0
BRDA:241,36,1,0
BRDA:243,37,0,0
BRDA:243,37,1,0
BRDA:243,38,0,0
BRDA:243,38,1,0
BRDA:244,39,0,0
BRDA:244,39,1,0
BRDA:247,40,0,0
BRDA:247,40,1,0
BRDA:249,41,0,0
BRDA:249,41,1,0
BRDA:249,42,0,0
BRDA:249,42,1,0
BRDA:250,43,0,0
BRDA:250,43,1,0
BRDA:255,44,0,0
BRDA:255,44,1,0
BRDA:270,45,0,0
BRDA:270,45,1,0
BRDA:288,46,0,0
BRDA:288,46,1,0
BRDA:289,47,0,0
BRDA:289,47,1,0
BRDA:290,48,0,0
BRDA:290,48,1,0
BRDA:293,49,0,0
BRDA:293,49,1,0
BRDA:293,50,0,0
BRDA:293,50,1,0
BRDA:303,51,0,0
BRDA:303,51,1,0
BRDA:381,52,0,0
BRDA:381,52,1,0
BRDA:397,53,0,0
BRDA:397,53,1,0
BRDA:400,54,0,0
BRDA:400,54,1,0
BRDA:420,55,0,0
BRDA:420,55,1,0
BRDA:435,56,0,0
BRDA:435,56,1,0
BRF:115
BRH:0
end_of_record
TN:
SF:server/imageEditService.ts
FN:18,(anonymous_0)
FN:29,(anonymous_1)
FN:43,(anonymous_2)
FN:109,(anonymous_3)
FN:163,(anonymous_4)
FN:165,(anonymous_5)
FN:189,(anonymous_6)
FNF:7
FNH:0
FNDA:0,(anonymous_0)
FNDA:0,(anonymous_1)
FNDA:0,(anonymous_2)
FNDA:0,(anonymous_3)
FNDA:0,(anonymous_4)
FNDA:0,(anonymous_5)
FNDA:0,(anonymous_6)
DA:19,0
DA:20,0
DA:21,0
DA:23,0
DA:30,0
DA:31,0
DA:32,0
DA:34,0
DA:44,0
DA:45,0
DA:48,0
DA:51,0
DA:53,0
DA:55,0
DA:62,0
DA:63,0
DA:66,0
DA:69,0
DA:70,0
DA:77,0
DA:78,0
DA:79,0
DA:80,0
DA:81,0
DA:87,0
DA:90,0
DA:93,0
DA:94,0
DA:95,0
DA:97,0
DA:98,0
DA:100,0
DA:102,0
DA:110,0
DA:111,0
DA:114,0
DA:120,0
DA:130,0
DA:131,0
DA:143,0
DA:144,0
DA:147,0
DA:148,0
DA:149,0
DA:153,0
DA:154,0
DA:155,0
DA:163,0
DA:164,0
DA:165,0
DA:166,0
DA:169,0
DA:171,0
DA:173,0
DA:175,0
DA:176,0
DA:178,0
DA:179,0
DA:182,0
DA:190,0
DA:193,0
DA:196,0
DA:197,0
DA:199,0
DA:204,0
LF:65
LH:0
BRDA:20,0,0,0
BRDA:20,0,1,0
BRDA:31,1,0,0
BRDA:31,1,1,0
BRDA:62,2,0,0
BRDA:62,2,1,0
BRDA:62,3,0,0
BRDA:62,3,1,0
BRDA:69,4,0,0
BRDA:69,4,1,0
BRDA:77,5,0,0
BRDA:77,5,1,0
BRDA:93,6,0,0
BRDA:93,6,1,0
BRDA:94,7,0,0
BRDA:94,7,1,0
BRDA:97,8,0,0
BRDA:97,8,1,0
BRDA:143,9,0,0
BRDA:143,9,1,0
BRDA:143,10,0,0
BRDA:143,10,1,0
BRDA:148,11,0,0
BRDA:148,11,1,0
BRDA:148,12,0,0
BRDA:148,12,1,0
BRDA:154,13,0,0
BRDA:154,13,1,0
BRDA:154,14,0,0
BRDA:154,14,1,0
BRDA:157,15,0,0
BRDA:157,15,1,0
BRDA:164,16,0,0
BRDA:164,16,1,0
BRDA:173,17,0,0
BRDA:173,17,1,0
BRDA:175,18,0,0
BRDA:175,18,1,0
BRDA:175,19,0,0
BRDA:175,19,1,0
BRDA:178,20,0,0
BRDA:178,20,1,0
BRDA:196,21,0,0
BRDA:196,21,1,0
BRF:44
BRH:0
end_of_record
TN:
SF:server/imageTranslationService.ts
FN:19,(anonymous_0)
FN:27,(anonymous_1)
FNF:2
FNH:0
FNDA:0,(anonymous_0)
FNDA:0,(anonymous_1)
DA:20,0
DA:21,0
DA:22,0
DA:24,0
DA:28,0
DA:30,0
DA:31,0
DA:33,0
DA:39,0
DA:43,0
DA:53,0
DA:65,0
DA:66,0
DA:69,0
DA:70,0
DA:71,0
DA:75,0
DA:76,0
DA:77,0
DA:85,0
DA:89,0
LF:21
LH:0
BRDA:21,0,0,0
BRDA:21,0,1,0
BRDA:39,1,0,0
BRDA:39,1,1,0
BRDA:65,2,0,0
BRDA:65,2,1,0
BRDA:65,3,0,0
BRDA:65,3,1,0
BRDA:70,4,0,0
BRDA:70,4,1,0
BRDA:70,5,0,0
BRDA:70,5,1,0
BRDA:76,6,0,0
BRDA:76,6,1,0
BRDA:76,7,0,0
BRDA:76,7,1,0
BRDA:79,8,0,0
BRDA:79,8,1,0
BRF:18
BRH:0
end_of_record
TN:
SF:server/pdfService.ts
FN:15,parsePdf
FN:49,(anonymous_1)
FN:65,(anonymous_2)
FN:88,(anonymous_3)
FN:109,(anonymous_4)
FN:120,(anonymous_5)
FN:191,(anonymous_6)
FN:204,(anonymous_7)
FN:236,(anonymous_8)
FN:240,(anonymous_9)
FN:242,(anonymous_10)
FN:261,(anonymous_11)
FN:332,(anonymous_12)
FNF:13
FNH:0
FNDA:0,parsePdf
FNDA:0,(anonymous_1)
FNDA:0,(anonymous_2)
FNDA:0,(anonymous_3)
FNDA:0,(anonymous_4)
FNDA:0,(anonymous_5)
FNDA:0,(anonymous_6)
FNDA:0,(anonymous_7)
FNDA:0,(anonymous_8)
FNDA:0,(anonymous_9)
FNDA:0,(anonymous_10)
FNDA:0,(anonymous_11)
FNDA:0,(anonymous_12)
DA:16,0
DA:19,0
DA:22,0
DA:25,0
DA:27,0
DA:50,0
DA:51,0
DA:52,0
DA:54,0
DA:66,0
DA:69,0
DA:72,0
DA:74,0
DA:90,0
DA:93,0
DA:96,0
DA:98,0
DA:110,0
DA:111,0
DA:112,0
DA:114,0
DA:121,0
DA:122,0
DA:125,0
DA:127,0
DA:148,0
DA:149,0
DA:152,0
DA:178,0
DA:179,0
DA:180,0
DA:184,0
DA:185,0
DA:192,0
DA:193,0
DA:194,0
DA:195,0
DA:196,0
DA:198,0
DA:205,0
DA:206,0
DA:210,0
DA:212,0
DA:214,0
DA:215,0
DA:216,0
DA:219,0
DA:220,0
DA:221,0
DA:222,0
DA:224,0
DA:226,0
DA:227,0
DA:228,0
DA:229,0
DA:231,0
DA:235,0
DA:236,0
DA:238,0
DA:240,0
DA:241,0
DA:242,0
DA:243,0
DA:244,0
DA:246,0
DA:249,0
DA:250,0
DA:255,0
DA:262,0
DA:263,0
DA:266,0
DA:267,0
DA:271,0
DA:291,0
DA:295,0
DA:296,0
DA:299,0
DA:309,0
DA:310,0
DA:311,0
DA:312,0
DA:316,0
DA:317,0
DA:320,0
DA:321,0
DA:322,0
DA:323,0
DA:324,0
DA:326,0
DA:333,0
DA:342,0
LF:91
LH:0
BRDA:51,0,0,0
BRDA:51,0,1,0
BRDA:96,1,0,0
BRDA:96,1,1,0
BRDA:179,2,0,0
BRDA:179,2,1,0
BRDA:179,3,0,0
BRDA:179,3,1,0
BRDA:193,4,0,0
BRDA:193,4,1,0
BRDA:195,5,0,0
BRDA:195,5,1,0
BRDA:205,6,0,0
BRDA:205,6,1,0
BRDA:216,7,0,0
BRDA:216,7,1,0
BRDA:221,8,0,0
BRDA:221,8,1,0
BRDA:222,9,0,0
BRDA:222,9,1,0
BRDA:222,9,2,0
BRDA:222,9,3,0
BRDA:224,10,0,0
BRDA:224,10,1,0
BRDA:226,11,0,0
BRDA:226,11,1,0
BRDA:226,12,0,0
BRDA:226,12,1,0
BRDA:228,13,0,0
BRDA:228,13,1,0
BRDA:236,14,0,0
BRDA:236,14,1,0
BRDA:238,15,0,0
BRDA:238,15,1,0
BRDA:238,16,0,0
BRDA:238,16,1,0
BRDA:241,17,0,0
BRDA:241,17,1,0
BRDA:267,18,0,0
BRDA:267,18,1,0
BRDA:311,19,0,0
BRDA:311,19,1,0
BRDA:311,20,0,0
BRDA:311,20,1,0
BRDA:321,21,0,0
BRDA:321,21,1,0
BRDA:323,22,0,0
BRDA:323,22,1,0
BRF:48
BRH:0
end_of_record
TN:
SF:server/proofreadingService.ts
FN:22,(anonymous_0)
FN:26,(anonymous_1)
FN:34,(anonymous_2)
FN:35,(anonymous_3)
FN:41,(anonymous_4)
FN:45,(anonymous_5)
FN:63,(anonymous_6)
FN:110,(anonymous_7)
FN:132,(anonymous_8)
FN:155,(anonymous_9)
FN:158,(anonymous_10)
FN:258,(anonymous_11)
FNF:12
FNH:0
FNDA:0,(anonymous_0)
FNDA:0,(anonymous_1)
FNDA:0,(anonymous_2)
FNDA:0,(anonymous_3)
FNDA:0,(anonymous_4)
FNDA:0,(anonymous_5)
FNDA:0,(anonymous_6)
FNDA:0,(anonymous_7)
FNDA:0,(anonymous_8)
FNDA:0,(anonymous_9)
FNDA:0,(anonymous_10)
FNDA:0,(anonymous_11)
DA:24,0
DA:27,0
DA:28,0
DA:29,0
DA:31,0
DA:35,0
DA:42,0
DA:43,0
DA:45,0
DA:46,0
DA:47,0
DA:50,0
DA:51,0
DA:52,0
DA:53,0
DA:57,0
DA:64,0
DA:66,0
DA:67,0
DA:68,0
DA:69,0
DA:70,0
DA:74,0
DA:77,0
DA:79,0
DA:80,0
DA:82,0
DA:83,0
DA:86,0
DA:87,0
DA:91,0
DA:95,0
DA:96,0
DA:97,0
DA:101,0
DA:102,0
DA:104,0
DA:105,0
DA:106,0
DA:111,0
DA:114,0
DA:132,0
DA:135,0
DA:138,0
DA:139,0
DA:144,0
DA:145,0
DA:151,0
DA:155,0
DA:163,0
DA:166,0
DA:173,0
DA:185,0
DA:186,0
DA:193,0
DA:195,0
DA:196,0
DA:199,0
DA:205,0
DA:208,0
DA:210,0
DA:211,0
DA:212,0
DA:214,0
DA:215,0
DA:216,0
DA:220,0
DA:221,0
DA:222,0
DA:223,0
DA:224,0
DA:225,0
DA:226,0
DA:230,0
DA:231,0
DA:232,0
DA:233,0
DA:238,0
DA:241,0
DA:242,0
DA:243,0
DA:244,0
DA:245,0
DA:246,0
DA:248,0
DA:251,0
DA:252,0
DA:253,0
DA:254,0
DA:263,0
DA:264,0
DA:266,0
DA:275,0
DA:276,0
DA:277,0
DA:280,0
DA:284,0
LF:97
LH:0
BRDA:28,0,0,0
BRDA:28,0,1,0
BRDA:43,1,0,0
BRDA:43,1,1,0
BRDA:43,2,0,0
BRDA:43,2,1,0
BRDA:43,2,2,0
BRDA:50,3,0,0
BRDA:50,3,1,0
BRDA:50,4,0,0
BRDA:50,4,1,0
BRDA:50,4,2,0
BRDA:50,4,3,0
BRDA:52,5,0,0
BRDA:52,5,1,0
BRDA:52,6,0,0
BRDA:52,6,1,0
BRDA:67,7,0,0
BRDA:67,7,1,0
BRDA:69,8,0,0
BRDA:69,8,1,0
BRDA:77,9,0,0
BRDA:77,9,1,0
BRDA:79,10,0,0
BRDA:79,10,1,0
BRDA:79,11,0,0
BRDA:79,11,1,0
BRDA:79,11,2,0
BRDA:82,12,0,0
BRDA:82,12,1,0
BRDA:82,13,0,0
BRDA:82,13,1,0
BRDA:86,14,0,0
BRDA:86,14,1,0
BRDA:86,15,0,0
BRDA:86,15,1,0
BRDA:96,16,0,0
BRDA:96,16,1,0
BRDA:96,17,0,0
BRDA:96,17,1,0
BRDA:138,18,0,0
BRDA:138,18,1,0
BRDA:144,19,0,0
BRDA:144,19,1,0
BRDA:185,20,0,0
BRDA:185,20,1,0
BRDA:211,21,0,0
BRDA:211,21,1,0
BRDA:214,22,0,0
BRDA:214,22,1,0
BRDA:214,23,0,0
BRDA:214,23,1,0
BRDA:220,24,0,0
BRDA:220,24,1,0
BRDA:220,25,0,0
BRDA:220,25,1,0
BRDA:224,26,0,0
BRDA:224,26,1,0
BRDA:224,27,0,0
BRDA:224,27,1,0
BRDA:225,28,0,0
BRDA:225,28,1,0
BRDA:232,29,0,0
BRDA:232,29,1,0
BRDA:232,30,0,0
BRDA:232,30,1,0
BRDA:232,30,2,0
BRDA:241,31,0,0
BRDA:241,31,1,0
BRDA:241,32,0,0
BRDA:241,32,1,0
BRDA:245,33,0,0
BRDA:245,33,1,0
BRDA:252,34,0,0
BRDA:252,34,1,0
BRDA:276,35,0,0
BRDA:276,35,1,0
BRF:77
BRH:0
end_of_record
TN:
SF:server/replitAuth.ts
FN:9,getSession
FN:31,upsertUser
FN:51,setupAuth
FN:61,(anonymous_3)
FN:77,(anonymous_4)
FN:95,(anonymous_5)
FN:96,(anonymous_6)
FN:105,(anonymous_7)
FN:122,(anonymous_8)
FN:128,(anonymous_9)
FN:132,(anonymous_10)
FN:133,(anonymous_11)
FN:139,(anonymous_12)
FN:146,(anonymous_13)
FNF:14
FNH:2
FNDA:0,getSession
FNDA:0,upsertUser
FNDA:0,setupAuth
FNDA:0,(anonymous_3)
FNDA:0,(anonymous_4)
FNDA:0,(anonymous_5)
FNDA:0,(anonymous_6)
FNDA:0,(anonymous_7)
FNDA:0,(anonymous_8)
FNDA:0,(anonymous_9)
FNDA:0,(anonymous_10)
FNDA:0,(anonymous_11)
FNDA:2,(anonymous_12)
FNDA:5,(anonymous_13)
DA:10,0
DA:11,0
DA:12,0
DA:18,0
DA:32,0
DA:39,0
DA:52,0
DA:53,0
DA:54,0
DA:55,0
DA:58,0
DA:61,0
DA:62,0
DA:65,0
DA:66,0
DA:68,0
DA:78,0
DA:79,0
DA:81,0
DA:82,0
DA:84,0
DA:89,0
DA:92,0
DA:95,0
DA:96,0
DA:97,0
DA:98,0
DA:99,0
DA:101,0
DA:105,0
DA:106,0
DA:107,0
DA:108,0
DA:122,0
DA:123,0
DA:124,0
DA:125,0
DA:129,0
DA:132,0
DA:133,0
DA:134,0
DA:139,1
DA:140,2
DA:141,1
DA:143,1
DA:146,1
DA:147,5
DA:148,5
DA:149,2
DA:152,3
DA:153,3
DA:154,2
DA:157,1
LF:53
LH:12
BRDA:34,0,0,0
BRDA:34,0,1,0
BRDA:35,1,0,0
BRDA:35,1,1,0
BRDA:36,2,0,0
BRDA:36,2,1,0
BRDA:37,3,0,0
BRDA:37,3,1,0
BRDA:65,4,0,0
BRDA:65,4,1,0
BRDA:106,5,0,0
BRDA:106,5,1,0
BRDA:123,6,0,0
BRDA:123,6,1,0
BRDA:140,7,0,1
BRDA:140,7,1,1
BRDA:148,8,0,2
BRDA:148,8,1,3
BRDA:153,9,0,2
BRDA:153,9,1,1
BRF:20
BRH:6
end_of_record
TN:
SF:server/retry.ts
FN:18,isRetryableDatabaseError
FN:50,(anonymous_1)
FN:61,sleep
FN:62,(anonymous_3)
FN:69,applyJitter
FN:90,retryOnDatabaseError
FNF:6
FNH:5
FNDA:15,isRetryableDatabaseError
FNDA:29,(anonymous_1)
FNDA:10,sleep
FNDA:10,(anonymous_3)
FNDA:0,applyJitter
FNDA:13,retryOnDatabaseError
DA:9,1
DA:19,15
DA:20,2
DA:23,13
DA:29,13
DA:31,13
DA:32,9
DA:33,8
DA:38,5
DA:39,5
DA:40,5
DA:50,29
DA:51,3
DA:55,2
DA:62,10
DA:70,0
DA:71,0
DA:72,0
DA:73,0
DA:94,13
DA:95,13
DA:99,13
DA:100,23
DA:102,23
DA:103,10
DA:105,23
DA:107,15
DA:110,15
DA:111,4
DA:115,11
DA:116,1
DA:117,1
DA:121,10
DA:122,15
DA:123,0
DA:126,10
DA:127,15
DA:133,15
DA:138,0
LF:39
LH:33
BRDA:19,0,0,2
BRDA:19,0,1,13
BRDA:19,1,0,15
BRDA:19,1,1,14
BRDA:31,2,0,9
BRDA:31,2,1,4
BRDA:31,3,0,13
BRDA:31,3,1,9
BRDA:32,4,0,8
BRDA:32,4,1,1
BRDA:38,5,0,5
BRDA:38,5,1,0
BRDA:38,6,0,5
BRDA:38,6,1,5
BRDA:50,7,0,3
BRDA:50,7,1,2
BRDA:92,8,0,13
BRDA:102,9,0,10
BRDA:102,9,1,13
BRDA:103,10,0,8
BRDA:103,10,1,2
BRDA:110,11,0,4
BRDA:110,11,1,11
BRDA:115,12,0,1
BRDA:115,12,1,10
BRDA:121,13,0,10
BRDA:121,13,1,0
BRDA:122,14,0,0
BRDA:122,14,1,15
BRDA:126,15,0,10
BRDA:126,15,1,3
BRF:31
BRH:28
end_of_record
TN:
SF:server/routes.ts
FN:39,registerRoutes
FN:44,(anonymous_1)
FN:56,(anonymous_2)
FN:71,(anonymous_3)
FN:90,(anonymous_4)
FN:107,(anonymous_5)
FN:129,(anonymous_6)
FN:152,(anonymous_7)
FN:172,(anonymous_8)
FN:205,(anonymous_9)
FN:240,(anonymous_10)
FN:260,(anonymous_11)
FN:278,(anonymous_12)
FN:288,(anonymous_13)
FN:291,(anonymous_14)
FN:298,(anonymous_15)
FN:303,(anonymous_16)
FN:322,(anonymous_17)
FN:330,(anonymous_18)
FN:344,(anonymous_19)
FN:349,(anonymous_20)
FN:360,(anonymous_21)
FN:362,(anonymous_22)
FN:381,(anonymous_23)
FN:392,(anonymous_24)
FN:405,(anonymous_25)
FN:415,(anonymous_26)
FN:432,(anonymous_27)
FN:442,(anonymous_28)
FN:454,(anonymous_29)
FN:465,(anonymous_30)
FN:475,(anonymous_31)
FN:486,(anonymous_32)
FN:497,(anonymous_33)
FN:508,(anonymous_34)
FN:512,(anonymous_35)
FN:529,(anonymous_36)
FN:559,(anonymous_37)
FN:572,(anonymous_38)
FN:586,(anonymous_39)
FN:644,(anonymous_40)
FN:697,(anonymous_41)
FN:750,(anonymous_42)
FN:772,(anonymous_43)
FN:782,(anonymous_44)
FN:797,(anonymous_45)
FN:807,(anonymous_46)
FN:818,(anonymous_47)
FN:828,(anonymous_48)
FN:839,(anonymous_49)
FN:849,(anonymous_50)
FN:860,(anonymous_51)
FN:870,(anonymous_52)
FN:881,(anonymous_53)
FN:896,(anonymous_54)
FN:915,(anonymous_55)
FN:933,(anonymous_56)
FN:955,(anonymous_57)
FN:977,(anonymous_58)
FN:998,(anonymous_59)
FN:1050,(anonymous_60)
FN:1053,(anonymous_61)
FN:1062,(anonymous_62)
FN:1069,(anonymous_63)
FN:1078,(anonymous_64)
FN:1111,(anonymous_65)
FN:1126,(anonymous_66)
FN:1135,(anonymous_67)
FN:1144,(anonymous_68)
FN:1152,(anonymous_69)
FN:1160,(anonymous_70)
FN:1162,(anonymous_71)
FN:1185,(anonymous_72)
FN:1195,(anonymous_73)
FN:1223,(anonymous_74)
FN:1276,(anonymous_75)
FN:1349,(anonymous_76)
FN:1363,(anonymous_77)
FN:1390,(anonymous_78)
FN:1401,(anonymous_79)
FN:1417,(anonymous_80)
FN:1437,(anonymous_81)
FN:1467,(anonymous_82)
FN:1490,(anonymous_83)
FN:1513,(anonymous_84)
FN:1532,(anonymous_85)
FN:1555,(anonymous_86)
FN:1575,(anonymous_87)
FN:1599,(anonymous_88)
FN:1626,(anonymous_89)
FN:1655,(anonymous_90)
FN:1674,(anonymous_91)
FN:1691,(anonymous_92)
FN:1702,(anonymous_93)
FN:1717,(anonymous_94)
FN:1731,(anonymous_95)
FN:1753,(anonymous_96)
FN:1769,(anonymous_97)
FN:1789,(anonymous_98)
FN:1812,(anonymous_99)
FN:1832,(anonymous_100)
FN:1856,(anonymous_101)
FN:1886,(anonymous_102)
FN:1909,(anonymous_103)
FN:1947,(anonymous_104)
FN:1970,(anonymous_105)
FN:1997,(anonymous_106)
FN:2038,(anonymous_107)
FN:2053,(anonymous_108)
FN:2064,(anonymous_109)
FN:2081,(anonymous_110)
FN:2098,(anonymous_111)
FN:2113,(anonymous_112)
FN:2126,(anonymous_113)
FN:2140,(anonymous_114)
FN:2154,(anonymous_115)
FN:2167,(anonymous_116)
FN:2180,(anonymous_117)
FN:2193,(anonymous_118)
FNF:119
FNH:0
FNDA:0,registerRoutes
FNDA:0,(anonymous_1)
FNDA:0,(anonymous_2)
FNDA:0,(anonymous_3)
FNDA:0,(anonymous_4)
FNDA:0,(anonymous_5)
FNDA:0,(anonymous_6)
FNDA:0,(anonymous_7)
FNDA:0,(anonymous_8)
FNDA:0,(anonymous_9)
FNDA:0,(anonymous_10)
FNDA:0,(anonymous_11)
FNDA:0,(anonymous_12)
FNDA:0,(anonymous_13)
FNDA:0,(anonymous_14)
FNDA:0,(anonymous_15)
FNDA:0,(anonymous_16)
FNDA:0,(anonymous_17)
FNDA:0,(anonymous_18)
FNDA:0,(anonymous_19)
FNDA:0,(anonymous_20)
FNDA:0,(anonymous_21)
FNDA:0,(anonymous_22)
FNDA:0,(anonymous_23)
FNDA:0,(anonymous_24)
FNDA:0,(anonymous_25)
FNDA:0,(anonymous_26)
FNDA:0,(anonymous_27)
FNDA:0,(anonymous_28)
FNDA:0,(anonymous_29)
FNDA:0,(anonymous_30)
FNDA:0,(anonymous_31)
FNDA:0,(anonymous_32)
FNDA:0,(anonymous_33)
FNDA:0,(anonymous_34)
FNDA:0,(anonymous_35)
FNDA:0,(anonymous_36)
FNDA:0,(anonymous_37)
FNDA:0,(anonymous_38)
FNDA:0,(anonymous_39)
FNDA:0,(anonymous_40)
FNDA:0,(anonymous_41)
FNDA:0,(anonymous_42)
FNDA:0,(anonymous_43)
FNDA:0,(anonymous_44)
FNDA:0,(anonymous_45)
FNDA:0,(anonymous_46)
FNDA:0,(anonymous_47)
FNDA:0,(anonymous_48)
FNDA:0,(anonymous_49)
FNDA:0,(anonymous_50)
FNDA:0,(anonymous_51)
FNDA:0,(anonymous_52)
FNDA:0,(anonymous_53)
FNDA:0,(anonymous_54)
FNDA:0,(anonymous_55)
FNDA:0,(anonymous_56)
FNDA:0,(anonymous_57)
FNDA:0,(anonymous_58)
FNDA:0,(anonymous_59)
FNDA:0,(anonymous_60)
FNDA:0,(anonymous_61)
FNDA:0,(anonymous_62)
FNDA:0,(anonymous_63)
FNDA:0,(anonymous_64)
FNDA:0,(anonymous_65)
FNDA:0,(anonymous_66)
FNDA:0,(anonymous_67)
FNDA:0,(anonymous_68)
FNDA:0,(anonymous_69)
FNDA:0,(anonymous_70)
FNDA:0,(anonymous_71)
FNDA:0,(anonymous_72)
FNDA:0,(anonymous_73)
FNDA:0,(anonymous_74)
FNDA:0,(anonymous_75)
FNDA:0,(anonymous_76)
FNDA:0,(anonymous_77)
FNDA:0,(anonymous_78)
FNDA:0,(anonymous_79)
FNDA:0,(anonymous_80)
FNDA:0,(anonymous_81)
FNDA:0,(anonymous_82)
FNDA:0,(anonymous_83)
FNDA:0,(anonymous_84)
FNDA:0,(anonymous_85)
FNDA:0,(anonymous_86)
FNDA:0,(anonymous_87)
FNDA:0,(anonymous_88)
FNDA:0,(anonymous_89)
FNDA:0,(anonymous_90)
FNDA:0,(anonymous_91)
FNDA:0,(anonymous_92)
FNDA:0,(anonymous_93)
FNDA:0,(anonymous_94)
FNDA:0,(anonymous_95)
FNDA:0,(anonymous_96)
FNDA:0,(anonymous_97)
FNDA:0,(anonymous_98)
FNDA:0,(anonymous_99)
FNDA:0,(anonymous_100)
FNDA:0,(anonymous_101)
FNDA:0,(anonymous_102)
FNDA:0,(anonymous_103)
FNDA:0,(anonymous_104)
FNDA:0,(anonymous_105)
FNDA:0,(anonymous_106)
FNDA:0,(anonymous_107)
FNDA:0,(anonymous_108)
FNDA:0,(anonymous_109)
FNDA:0,(anonymous_110)
FNDA:0,(anonymous_111)
FNDA:0,(anonymous_112)
FNDA:0,(anonymous_113)
FNDA:0,(anonymous_114)
FNDA:0,(anonymous_115)
FNDA:0,(anonymous_116)
FNDA:0,(anonymous_117)
FNDA:0,(anonymous_118)
DA:41,0
DA:44,0
DA:45,0
DA:46,0
DA:47,0
DA:48,0
DA:50,0
DA:51,0
DA:56,0
DA:57,0
DA:58,0
DA:59,0
DA:60,0
DA:61,0
DA:63,0
DA:64,0
DA:66,0
DA:67,0
DA:71,0
DA:72,0
DA:73,0
DA:74,0
DA:75,0
DA:78,0
DA:79,0
DA:80,0
DA:81,0
DA:83,0
DA:85,0
DA:86,0
DA:90,0
DA:91,0
DA:92,0
DA:93,0
DA:94,0
DA:100,0
DA:102,0
DA:103,0
DA:107,0
DA:108,0
DA:109,0
DA:110,0
DA:111,0
DA:114,0
DA:115,0
DA:116,0
DA:117,0
DA:118,0
DA:119,0
DA:121,0
DA:122,0
DA:124,0
DA:125,0
DA:129,0
DA:130,0
DA:131,0
DA:132,0
DA:133,0
DA:136,0
DA:137,0
DA:138,0
DA:139,0
DA:140,0
DA:141,0
DA:143,0
DA:144,0
DA:146,0
DA:147,0
DA:152,0
DA:153,0
DA:154,0
DA:155,0
DA:156,0
DA:159,0
DA:160,0
DA:161,0
DA:162,0
DA:164,0
DA:165,0
DA:167,0
DA:168,0
DA:172,0
DA:173,0
DA:174,0
DA:176,0
DA:177,0
DA:178,0
DA:182,0
DA:183,0
DA:184,0
DA:188,0
DA:189,0
DA:190,0
DA:191,0
DA:192,0
DA:193,0
DA:196,0
DA:197,0
DA:199,0
DA:200,0
DA:205,0
DA:206,0
DA:207,0
DA:210,0
DA:211,0
DA:212,0
DA:214,0
DA:215,0
DA:216,0
DA:217,0
DA:218,0
DA:219,0
DA:223,0
DA:224,0
DA:225,0
DA:229,0
DA:230,0
DA:231,0
DA:235,0
DA:236,0
DA:239,0
DA:240,0
DA:241,0
DA:242,0
DA:246,0
DA:249,0
DA:260,0
DA:261,0
DA:263,0
DA:266,0
DA:267,0
DA:275,0
DA:276,0
DA:278,0
DA:279,0
DA:281,0
DA:284,0
DA:285,0
DA:288,0
DA:289,0
DA:291,0
DA:292,0
DA:296,0
DA:298,0
DA:299,0
DA:303,0
DA:304,0
DA:306,0
DA:308,0
DA:309,0
DA:312,0
DA:322,0
DA:323,0
DA:330,0
DA:331,0
DA:335,0
DA:344,0
DA:345,0
DA:349,0
DA:350,0
DA:353,0
DA:354,0
DA:356,0
DA:357,0
DA:358,0
DA:360,0
DA:361,0
DA:364,0
DA:368,0
DA:373,0
DA:375,0
DA:376,0
DA:381,0
DA:382,0
DA:383,0
DA:384,0
DA:386,0
DA:387,0
DA:392,0
DA:393,0
DA:394,0
DA:395,0
DA:397,0
DA:398,0
DA:405,0
DA:406,0
DA:407,0
DA:408,0
DA:410,0
DA:411,0
DA:415,0
DA:416,0
DA:417,0
DA:418,0
DA:419,0
DA:422,0
DA:423,0
DA:424,0
DA:426,0
DA:427,0
DA:432,0
DA:433,0
DA:434,0
DA:435,0
DA:437,0
DA:438,0
DA:442,0
DA:443,0
DA:444,0
DA:445,0
DA:446,0
DA:448,0
DA:449,0
DA:454,0
DA:455,0
DA:456,0
DA:457,0
DA:458,0
DA:460,0
DA:461,0
DA:465,0
DA:466,0
DA:467,0
DA:468,0
DA:470,0
DA:471,0
DA:475,0
DA:476,0
DA:477,0
DA:478,0
DA:480,0
DA:481,0
DA:486,0
DA:487,0
DA:488,0
DA:489,0
DA:490,0
DA:492,0
DA:493,0
DA:497,0
DA:498,0
DA:499,0
DA:500,0
DA:502,0
DA:503,0
DA:508,0
DA:509,0
DA:510,0
DA:512,0
DA:522,0
DA:524,0
DA:525,0
DA:529,0
DA:530,0
DA:531,0
DA:532,0
DA:533,0
DA:536,0
DA:537,0
DA:540,0
DA:541,0
DA:544,0
DA:545,0
DA:553,0
DA:554,0
DA:559,0
DA:560,0
DA:561,0
DA:562,0
DA:563,0
DA:564,0
DA:566,0
DA:567,0
DA:568,0
DA:572,0
DA:573,0
DA:574,0
DA:575,0
DA:576,0
DA:577,0
DA:579,0
DA:580,0
DA:581,0
DA:586,0
DA:587,0
DA:588,0
DA:590,0
DA:591,0
DA:595,0
DA:596,0
DA:597,0
DA:601,0
DA:602,0
DA:603,0
DA:606,0
DA:607,0
DA:608,0
DA:609,0
DA:613,0
DA:614,0
DA:615,0
DA:619,0
DA:622,0
DA:623,0
DA:625,0
DA:627,0
DA:628,0
DA:629,0
DA:630,0
DA:633,0
DA:635,0
DA:636,0
DA:639,0
DA:644,0
DA:645,0
DA:646,0
DA:648,0
DA:649,0
DA:653,0
DA:654,0
DA:655,0
DA:659,0
DA:660,0
DA:661,0
DA:662,0
DA:666,0
DA:667,0
DA:668,0
DA:672,0
DA:675,0
DA:676,0
DA:678,0
DA:680,0
DA:681,0
DA:682,0
DA:683,0
DA:686,0
DA:688,0
DA:689,0
DA:692,0
DA:697,0
DA:698,0
DA:699,0
DA:701,0
DA:702,0
DA:706,0
DA:707,0
DA:708,0
DA:712,0
DA:713,0
DA:714,0
DA:715,0
DA:719,0
DA:720,0
DA:721,0
DA:725,0
DA:728,0
DA:729,0
DA:731,0
DA:733,0
DA:734,0
DA:735,0
DA:736,0
DA:739,0
DA:741,0
DA:742,0
DA:745,0
DA:750,0
DA:751,0
DA:752,0
DA:753,0
DA:759,0
DA:760,0
DA:761,0
DA:764,0
DA:765,0
DA:767,0
DA:768,0
DA:772,0
DA:773,0
DA:774,0
DA:775,0
DA:777,0
DA:778,0
DA:782,0
DA:783,0
DA:784,0
DA:785,0
DA:786,0
DA:787,0
DA:789,0
DA:790,0
DA:797,0
DA:798,0
DA:799,0
DA:800,0
DA:802,0
DA:803,0
DA:807,0
DA:808,0
DA:809,0
DA:810,0
DA:811,0
DA:813,0
DA:814,0
DA:818,0
DA:819,0
DA:820,0
DA:821,0
DA:823,0
DA:824,0
DA:828,0
DA:829,0
DA:830,0
DA:831,0
DA:833,0
DA:834,0
DA:839,0
DA:840,0
DA:841,0
DA:842,0
DA:844,0
DA:845,0
DA:849,0
DA:850,0
DA:851,0
DA:852,0
DA:853,0
DA:855,0
DA:856,0
DA:860,0
DA:861,0
DA:862,0
DA:863,0
DA:865,0
DA:866,0
DA:870,0
DA:871,0
DA:872,0
DA:873,0
DA:875,0
DA:876,0
DA:881,0
DA:882,0
DA:883,0
DA:884,0
DA:885,0
DA:886,0
DA:888,0
DA:889,0
DA:891,0
DA:892,0
DA:896,0
DA:897,0
DA:898,0
DA:899,0
DA:900,0
DA:903,0
DA:904,0
DA:905,0
DA:906,0
DA:908,0
DA:910,0
DA:911,0
DA:915,0
DA:916,0
DA:917,0
DA:918,0
DA:919,0
DA:926,0
DA:928,0
DA:929,0
DA:933,0
DA:934,0
DA:935,0
DA:936,0
DA:937,0
DA:940,0
DA:941,0
DA:942,0
DA:943,0
DA:944,0
DA:945,0
DA:947,0
DA:948,0
DA:950,0
DA:951,0
DA:955,0
DA:956,0
DA:957,0
DA:958,0
DA:959,0
DA:962,0
DA:963,0
DA:964,0
DA:965,0
DA:966,0
DA:967,0
DA:969,0
DA:970,0
DA:972,0
DA:973,0
DA:977,0
DA:978,0
DA:979,0
DA:980,0
DA:981,0
DA:984,0
DA:985,0
DA:986,0
DA:987,0
DA:989,0
DA:990,0
DA:992,0
DA:993,0
DA:998,0
DA:999,0
DA:1000,0
DA:1001,0
DA:1003,0
DA:1004,0
DA:1007,0
DA:1008,0
DA:1011,0
DA:1012,0
DA:1013,0
DA:1016,0
DA:1017,0
DA:1018,0
DA:1022,0
DA:1030,0
DA:1031,0
DA:1034,0
DA:1040,0
DA:1042,0
DA:1044,0
DA:1045,0
DA:1050,0
DA:1051,0
DA:1052,0
DA:1053,0
DA:1054,0
DA:1056,0
DA:1057,0
DA:1062,0
DA:1063,0
DA:1064,0
DA:1065,0
DA:1066,0
DA:1068,0
DA:1069,0
DA:1070,0
DA:1072,0
DA:1073,0
DA:1078,0
DA:1079,0
DA:1080,0
DA:1082,0
DA:1083,0
DA:1086,0
DA:1087,0
DA:1091,0
DA:1092,0
DA:1093,0
DA:1095,0
DA:1096,0
DA:1097,0
DA:1098,0
DA:1099,0
DA:1100,0
DA:1104,0
DA:1105,0
DA:1106,0
DA:1110,0
DA:1111,0
DA:1113,0
DA:1114,0
DA:1118,0
DA:1126,0
DA:1127,0
DA:1129,0
DA:1130,0
DA:1133,0
DA:1135,0
DA:1140,0
DA:1141,0
DA:1144,0
DA:1145,0
DA:1152,0
DA:1153,0
DA:1156,0
DA:1157,0
DA:1158,0
DA:1160,0
DA:1161,0
DA:1164,0
DA:1170,0
DA:1172,0
DA:1173,0
DA:1180,0
DA:1186,0
DA:1187,0
DA:1189,0
DA:1195,0
DA:1196,0
DA:1197,0
DA:1198,0
DA:1201,0
DA:1202,0
DA:1204,0
DA:1206,0
DA:1207,0
DA:1209,0
DA:1216,0
DA:1217,0
DA:1218,0
DA:1223,0
DA:1224,0
DA:1225,0
DA:1226,0
DA:1233,0
DA:1234,0
DA:1235,0
DA:1236,0
DA:1237,0
DA:1239,0
DA:1240,0
DA:1242,0
DA:1245,0
DA:1246,0
DA:1247,0
DA:1250,0
DA:1254,0
DA:1255,0
DA:1257,0
DA:1259,0
DA:1260,0
DA:1262,0
DA:1269,0
DA:1270,0
DA:1271,0
DA:1276,0
DA:1277,0
DA:1278,0
DA:1279,0
DA:1285,0
DA:1286,0
DA:1287,0
DA:1288,0
DA:1289,0
DA:1291,0
DA:1292,0
DA:1294,0
DA:1296,0
DA:1297,0
DA:1298,0
DA:1300,0
DA:1304,0
DA:1307,0
DA:1308,0
DA:1309,0
DA:1310,0
DA:1311,0
DA:1314,0
DA:1315,0
DA:1316,0
DA:1317,0
DA:1318,0
DA:1321,0
DA:1324,0
DA:1325,0
DA:1326,0
DA:1327,0
DA:1331,0
DA:1332,0
DA:1334,0
DA:1336,0
DA:1337,0
DA:1339,0
DA:1340,0
DA:1342,0
DA:1343,0
DA:1349,0
DA:1350,0
DA:1351,0
DA:1352,0
DA:1357,0
DA:1358,0
DA:1363,0
DA:1364,0
DA:1365,0
DA:1366,0
DA:1367,0
DA:1370,0
DA:1375,0
DA:1377,0
DA:1378,0
DA:1385,0
DA:1391,0
DA:1392,0
DA:1393,0
DA:1395,0
DA:1401,0
DA:1402,0
DA:1403,0
DA:1404,0
DA:1405,0
DA:1406,0
DA:1408,0
DA:1409,0
DA:1411,0
DA:1412,0
DA:1417,0
DA:1418,0
DA:1419,0
DA:1420,0
DA:1421,0
DA:1424,0
DA:1425,0
DA:1426,0
DA:1427,0
DA:1429,0
DA:1431,0
DA:1432,0
DA:1437,0
DA:1438,0
DA:1439,0
DA:1440,0
DA:1443,0
DA:1444,0
DA:1445,0
DA:1448,0
DA:1449,0
DA:1451,0
DA:1459,0
DA:1461,0
DA:1462,0
DA:1467,0
DA:1468,0
DA:1469,0
DA:1470,0
DA:1471,0
DA:1474,0
DA:1475,0
DA:1476,0
DA:1477,0
DA:1478,0
DA:1479,0
DA:1481,0
DA:1482,0
DA:1484,0
DA:1485,0
DA:1490,0
DA:1491,0
DA:1492,0
DA:1493,0
DA:1494,0
DA:1497,0
DA:1498,0
DA:1499,0
DA:1500,0
DA:1501,0
DA:1502,0
DA:1504,0
DA:1505,0
DA:1507,0
DA:1508,0
DA:1513,0
DA:1514,0
DA:1515,0
DA:1516,0
DA:1517,0
DA:1519,0
DA:1520,0
DA:1521,0
DA:1522,0
DA:1524,0
DA:1526,0
DA:1527,0
DA:1532,0
DA:1533,0
DA:1534,0
DA:1535,0
DA:1536,0
DA:1538,0
DA:1539,0
DA:1540,0
DA:1541,0
DA:1543,0
DA:1544,0
DA:1545,0
DA:1547,0
DA:1549,0
DA:1550,0
DA:1555,0
DA:1556,0
DA:1557,0
DA:1558,0
DA:1559,0
DA:1561,0
DA:1562,0
DA:1563,0
DA:1564,0
DA:1566,0
DA:1567,0
DA:1569,0
DA:1570,0
DA:1575,0
DA:1576,0
DA:1577,0
DA:1578,0
DA:1579,0
DA:1581,0
DA:1582,0
DA:1583,0
DA:1585,0
DA:1586,0
DA:1587,0
DA:1588,0
DA:1590,0
DA:1591,0
DA:1593,0
DA:1594,0
DA:1599,0
DA:1600,0
DA:1601,0
DA:1602,0
DA:1603,0
DA:1606,0
DA:1607,0
DA:1608,0
DA:1609,0
DA:1611,0
DA:1612,0
DA:1614,0
DA:1615,0
DA:1621,0
DA:1626,0
DA:1627,0
DA:1628,0
DA:1631,0
DA:1632,0
DA:1633,0
DA:1635,0
DA:1636,0
DA:1637,0
DA:1638,0
DA:1639,0
DA:1640,0
DA:1644,0
DA:1645,0
DA:1646,0
DA:1650,0
DA:1651,0
DA:1654,0
DA:1655,0
DA:1656,0
DA:1657,0
DA:1661,0
DA:1664,0
DA:1674,0
DA:1675,0
DA:1677,0
DA:1679,0
DA:1687,0
DA:1688,0
DA:1691,0
DA:1692,0
DA:1699,0
DA:1700,0
DA:1702,0
DA:1703,0
DA:1709,0
DA:1711,0
DA:1712,0
DA:1717,0
DA:1718,0
DA:1719,0
DA:1720,0
DA:1725,0
DA:1726,0
DA:1731,0
DA:1732,0
DA:1733,0
DA:1734,0
DA:1735,0
DA:1738,0
DA:1743,0
DA:1745,0
DA:1746,0
DA:1753,0
DA:1754,0
DA:1755,0
DA:1756,0
DA:1757,0
DA:1758,0
DA:1760,0
DA:1761,0
DA:1763,0
DA:1764,0
DA:1769,0
DA:1770,0
DA:1771,0
DA:1772,0
DA:1773,0
DA:1776,0
DA:1777,0
DA:1778,0
DA:1779,0
DA:1781,0
DA:1783,0
DA:1784,0
DA:1789,0
DA:1790,0
DA:1791,0
DA:1792,0
DA:1793,0
DA:1795,0
DA:1796,0
DA:1797,0
DA:1798,0
DA:1800,0
DA:1801,0
DA:1802,0
DA:1804,0
DA:1806,0
DA:1807,0
DA:1812,0
DA:1813,0
DA:1814,0
DA:1815,0
DA:1816,0
DA:1818,0
DA:1819,0
DA:1820,0
DA:1821,0
DA:1823,0
DA:1824,0
DA:1826,0
DA:1827,0
DA:1832,0
DA:1833,0
DA:1834,0
DA:1835,0
DA:1836,0
DA:1838,0
DA:1839,0
DA:1840,0
DA:1842,0
DA:1843,0
DA:1844,0
DA:1845,0
DA:1847,0
DA:1848,0
DA:1850,0
DA:1851,0
DA:1856,0
DA:1857,0
DA:1858,0
DA:1859,0
DA:1862,0
DA:1863,0
DA:1864,0
DA:1867,0
DA:1868,0
DA:1870,0
DA:1878,0
DA:1880,0
DA:1881,0
DA:1886,0
DA:1887,0
DA:1888,0
DA:1889,0
DA:1890,0
DA:1893,0
DA:1894,0
DA:1895,0
DA:1896,0
DA:1897,0
DA:1898,0
DA:1900,0
DA:1901,0
DA:1903,0
DA:1904,0
DA:1909,0
DA:1910,0
DA:1911,0
DA:1912,0
DA:1915,0
DA:1916,0
DA:1917,0
DA:1921,0
DA:1922,0
DA:1923,0
DA:1924,0
DA:1925,0
DA:1926,0
DA:1930,0
DA:1931,0
DA:1934,0
DA:1939,0
DA:1941,0
DA:1942,0
DA:1947,0
DA:1948,0
DA:1949,0
DA:1950,0
DA:1951,0
DA:1954,0
DA:1955,0
DA:1956,0
DA:1957,0
DA:1958,0
DA:1959,0
DA:1961,0
DA:1962,0
DA:1964,0
DA:1965,0
DA:1970,0
DA:1971,0
DA:1972,0
DA:1973,0
DA:1974,0
DA:1976,0
DA:1977,0
DA:1978,0
DA:1981,0
DA:1982,0
DA:1983,0
DA:1984,0
DA:1985,0
DA:1986,0
DA:1988,0
DA:1989,0
DA:1991,0
DA:1992,0
DA:1997,0
DA:1998,0
DA:1999,0
DA:2001,0
DA:2002,0
DA:2004,0
DA:2005,0
DA:2007,0
DA:2008,0
DA:2012,0
DA:2013,0
DA:2014,0
DA:2016,0
DA:2017,0
DA:2018,0
DA:2019,0
DA:2020,0
DA:2021,0
DA:2025,0
DA:2028,0
DA:2038,0
DA:2039,0
DA:2041,0
DA:2043,0
DA:2049,0
DA:2050,0
DA:2053,0
DA:2054,0
DA:2061,0
DA:2062,0
DA:2064,0
DA:2065,0
DA:2071,0
DA:2073,0
DA:2074,0
DA:2081,0
DA:2082,0
DA:2083,0
DA:2085,0
DA:2087,0
DA:2089,0
DA:2091,0
DA:2093,0
DA:2098,0
DA:2099,0
DA:2101,0
DA:2104,0
DA:2106,0
DA:2108,0
DA:2113,0
DA:2114,0
DA:2115,0
DA:2116,0
DA:2117,0
DA:2118,0
DA:2120,0
DA:2121,0
DA:2126,0
DA:2127,0
DA:2128,0
DA:2129,0
DA:2130,0
DA:2131,0
DA:2132,0
DA:2134,0
DA:2135,0
DA:2140,0
DA:2141,0
DA:2142,0
DA:2143,0
DA:2144,0
DA:2145,0
DA:2146,0
DA:2148,0
DA:2149,0
DA:2154,0
DA:2155,0
DA:2156,0
DA:2157,0
DA:2158,0
DA:2159,0
DA:2161,0
DA:2162,0
DA:2167,0
DA:2168,0
DA:2169,0
DA:2170,0
DA:2171,0
DA:2172,0
DA:2174,0
DA:2175,0
DA:2180,0
DA:2181,0
DA:2182,0
DA:2183,0
DA:2184,0
DA:2185,0
DA:2187,0
DA:2188,0
DA:2193,0
DA:2194,0
DA:2195,0
DA:2196,0
DA:2197,0
DA:2198,0
DA:2199,0
DA:2201,0
DA:2202,0
DA:2206,0
DA:2210,0
DA:2213,0
DA:2214,0
DA:2216,0
LF:1149
LH:0
BRDA:59,0,0,0
BRDA:59,0,1,0
BRDA:60,1,0,0
BRDA:60,1,1,0
BRDA:74,2,0,0
BRDA:74,2,1,0
BRDA:80,3,0,0
BRDA:80,3,1,0
BRDA:80,4,0,0
BRDA:80,4,1,0
BRDA:98,5,0,0
BRDA:98,5,1,0
BRDA:110,6,0,0
BRDA:110,6,1,0
BRDA:116,7,0,0
BRDA:116,7,1,0
BRDA:117,8,0,0
BRDA:117,8,1,0
BRDA:118,9,0,0
BRDA:118,9,1,0
BRDA:132,10,0,0
BRDA:132,10,1,0
BRDA:138,11,0,0
BRDA:138,11,1,0
BRDA:139,12,0,0
BRDA:139,12,1,0
BRDA:140,13,0,0
BRDA:140,13,1,0
BRDA:155,14,0,0
BRDA:155,14,1,0
BRDA:161,15,0,0
BRDA:161,15,1,0
BRDA:161,16,0,0
BRDA:161,16,1,0
BRDA:177,17,0,0
BRDA:177,17,1,0
BRDA:183,18,0,0
BRDA:183,18,1,0
BRDA:190,19,0,0
BRDA:190,19,1,0
BRDA:191,20,0,0
BRDA:191,20,1,0
BRDA:192,21,0,0
BRDA:192,21,1,0
BRDA:211,22,0,0
BRDA:211,22,1,0
BRDA:216,23,0,0
BRDA:216,23,1,0
BRDA:217,24,0,0
BRDA:217,24,1,0
BRDA:218,25,0,0
BRDA:218,25,1,0
BRDA:224,26,0,0
BRDA:224,26,1,0
BRDA:230,27,0,0
BRDA:230,27,1,0
BRDA:241,28,0,0
BRDA:241,28,1,0
BRDA:376,29,0,0
BRDA:376,29,1,0
BRDA:418,30,0,0
BRDA:418,30,1,0
BRDA:418,31,0,0
BRDA:418,31,1,0
BRDA:536,32,0,0
BRDA:536,32,1,0
BRDA:540,33,0,0
BRDA:540,33,1,0
BRDA:567,34,0,0
BRDA:567,34,1,0
BRDA:580,35,0,0
BRDA:580,35,1,0
BRDA:590,36,0,0
BRDA:590,36,1,0
BRDA:596,37,0,0
BRDA:596,37,1,0
BRDA:602,38,0,0
BRDA:602,38,1,0
BRDA:608,39,0,0
BRDA:608,39,1,0
BRDA:608,40,0,0
BRDA:608,40,1,0
BRDA:613,41,0,0
BRDA:613,41,1,0
BRDA:614,42,0,0
BRDA:614,42,1,0
BRDA:619,43,0,0
BRDA:619,43,1,0
BRDA:629,44,0,0
BRDA:629,44,1,0
BRDA:633,45,0,0
BRDA:633,45,1,0
BRDA:633,46,0,0
BRDA:633,46,1,0
BRDA:633,46,2,0
BRDA:633,46,3,0
BRDA:648,47,0,0
BRDA:648,47,1,0
BRDA:654,48,0,0
BRDA:654,48,1,0
BRDA:661,49,0,0
BRDA:661,49,1,0
BRDA:661,50,0,0
BRDA:661,50,1,0
BRDA:666,51,0,0
BRDA:666,51,1,0
BRDA:666,51,2,0
BRDA:667,52,0,0
BRDA:667,52,1,0
BRDA:672,53,0,0
BRDA:672,53,1,0
BRDA:682,54,0,0
BRDA:682,54,1,0
BRDA:686,55,0,0
BRDA:686,55,1,0
BRDA:686,56,0,0
BRDA:686,56,1,0
BRDA:686,56,2,0
BRDA:686,56,3,0
BRDA:701,57,0,0
BRDA:701,57,1,0
BRDA:707,58,0,0
BRDA:707,58,1,0
BRDA:714,59,0,0
BRDA:714,59,1,0
BRDA:714,60,0,0
BRDA:714,60,1,0
BRDA:719,61,0,0
BRDA:719,61,1,0
BRDA:719,61,2,0
BRDA:720,62,0,0
BRDA:720,62,1,0
BRDA:725,63,0,0
BRDA:725,63,1,0
BRDA:735,64,0,0
BRDA:735,64,1,0
BRDA:739,65,0,0
BRDA:739,65,1,0
BRDA:739,66,0,0
BRDA:739,66,1,0
BRDA:739,66,2,0
BRDA:739,66,3,0
BRDA:760,67,0,0
BRDA:760,67,1,0
BRDA:784,68,0,0
BRDA:784,68,1,0
BRDA:785,69,0,0
BRDA:785,69,1,0
BRDA:884,70,0,0
BRDA:884,70,1,0
BRDA:885,71,0,0
BRDA:885,71,1,0
BRDA:899,72,0,0
BRDA:899,72,1,0
BRDA:905,73,0,0
BRDA:905,73,1,0
BRDA:905,74,0,0
BRDA:905,74,1,0
BRDA:923,75,0,0
BRDA:923,75,1,0
BRDA:936,76,0,0
BRDA:936,76,1,0
BRDA:942,77,0,0
BRDA:942,77,1,0
BRDA:943,78,0,0
BRDA:943,78,1,0
BRDA:944,79,0,0
BRDA:944,79,1,0
BRDA:958,80,0,0
BRDA:958,80,1,0
BRDA:964,81,0,0
BRDA:964,81,1,0
BRDA:965,82,0,0
BRDA:965,82,1,0
BRDA:966,83,0,0
BRDA:966,83,1,0
BRDA:980,84,0,0
BRDA:980,84,1,0
BRDA:986,85,0,0
BRDA:986,85,1,0
BRDA:986,86,0,0
BRDA:986,86,1,0
BRDA:990,87,0,0
BRDA:990,87,1,0
BRDA:1003,88,0,0
BRDA:1003,88,1,0
BRDA:1003,89,0,0
BRDA:1003,89,1,0
BRDA:1007,90,0,0
BRDA:1007,90,1,0
BRDA:1007,91,0,0
BRDA:1007,91,1,0
BRDA:1012,92,0,0
BRDA:1012,92,1,0
BRDA:1017,93,0,0
BRDA:1017,93,1,0
BRDA:1030,94,0,0
BRDA:1030,94,1,0
BRDA:1064,95,0,0
BRDA:1064,95,1,0
BRDA:1065,96,0,0
BRDA:1065,96,1,0
BRDA:1082,97,0,0
BRDA:1082,97,1,0
BRDA:1082,98,0,0
BRDA:1082,98,1,0
BRDA:1082,98,2,0
BRDA:1082,98,3,0
BRDA:1082,98,4,0
BRDA:1086,99,0,0
BRDA:1086,99,1,0
BRDA:1086,100,0,0
BRDA:1086,100,1,0
BRDA:1086,100,2,0
BRDA:1092,101,0,0
BRDA:1092,101,1,0
BRDA:1097,102,0,0
BRDA:1097,102,1,0
BRDA:1098,103,0,0
BRDA:1098,103,1,0
BRDA:1099,104,0,0
BRDA:1099,104,1,0
BRDA:1105,105,0,0
BRDA:1105,105,1,0
BRDA:1113,106,0,0
BRDA:1113,106,1,0
BRDA:1173,107,0,0
BRDA:1173,107,1,0
BRDA:1186,108,0,0
BRDA:1186,108,1,0
BRDA:1197,109,0,0
BRDA:1197,109,1,0
BRDA:1217,110,0,0
BRDA:1217,110,1,0
BRDA:1225,111,0,0
BRDA:1225,111,1,0
BRDA:1234,112,0,0
BRDA:1234,112,1,0
BRDA:1236,113,0,0
BRDA:1236,113,1,0
BRDA:1239,114,0,0
BRDA:1239,114,1,0
BRDA:1246,115,0,0
BRDA:1246,115,1,0
BRDA:1270,116,0,0
BRDA:1270,116,1,0
BRDA:1278,117,0,0
BRDA:1278,117,1,0
BRDA:1286,118,0,0
BRDA:1286,118,1,0
BRDA:1288,119,0,0
BRDA:1288,119,1,0
BRDA:1291,120,0,0
BRDA:1291,120,1,0
BRDA:1297,121,0,0
BRDA:1297,121,1,0
BRDA:1337,122,0,0
BRDA:1337,122,1,0
BRDA:1339,123,0,0
BRDA:1339,123,1,0
BRDA:1353,124,0,0
BRDA:1353,124,1,0
BRDA:1366,125,0,0
BRDA:1366,125,1,0
BRDA:1366,126,0,0
BRDA:1366,126,1,0
BRDA:1392,127,0,0
BRDA:1392,127,1,0
BRDA:1404,128,0,0
BRDA:1404,128,1,0
BRDA:1405,129,0,0
BRDA:1405,129,1,0
BRDA:1420,130,0,0
BRDA:1420,130,1,0
BRDA:1426,131,0,0
BRDA:1426,131,1,0
BRDA:1426,132,0,0
BRDA:1426,132,1,0
BRDA:1439,133,0,0
BRDA:1439,133,1,0
BRDA:1444,134,0,0
BRDA:1444,134,1,0
BRDA:1445,135,0,0
BRDA:1445,135,1,0
BRDA:1470,136,0,0
BRDA:1470,136,1,0
BRDA:1476,137,0,0
BRDA:1476,137,1,0
BRDA:1477,138,0,0
BRDA:1477,138,1,0
BRDA:1478,139,0,0
BRDA:1478,139,1,0
BRDA:1493,140,0,0
BRDA:1493,140,1,0
BRDA:1499,141,0,0
BRDA:1499,141,1,0
BRDA:1500,142,0,0
BRDA:1500,142,1,0
BRDA:1501,143,0,0
BRDA:1501,143,1,0
BRDA:1516,144,0,0
BRDA:1516,144,1,0
BRDA:1521,145,0,0
BRDA:1521,145,1,0
BRDA:1521,146,0,0
BRDA:1521,146,1,0
BRDA:1535,147,0,0
BRDA:1535,147,1,0
BRDA:1540,148,0,0
BRDA:1540,148,1,0
BRDA:1540,149,0,0
BRDA:1540,149,1,0
BRDA:1544,150,0,0
BRDA:1544,150,1,0
BRDA:1558,151,0,0
BRDA:1558,151,1,0
BRDA:1563,152,0,0
BRDA:1563,152,1,0
BRDA:1563,153,0,0
BRDA:1563,153,1,0
BRDA:1578,154,0,0
BRDA:1578,154,1,0
BRDA:1582,155,0,0
BRDA:1582,155,1,0
BRDA:1587,156,0,0
BRDA:1587,156,1,0
BRDA:1587,157,0,0
BRDA:1587,157,1,0
BRDA:1602,158,0,0
BRDA:1602,158,1,0
BRDA:1608,159,0,0
BRDA:1608,159,1,0
BRDA:1608,160,0,0
BRDA:1608,160,1,0
BRDA:1632,161,0,0
BRDA:1632,161,1,0
BRDA:1637,162,0,0
BRDA:1637,162,1,0
BRDA:1638,163,0,0
BRDA:1638,163,1,0
BRDA:1639,164,0,0
BRDA:1639,164,1,0
BRDA:1645,165,0,0
BRDA:1645,165,1,0
BRDA:1656,166,0,0
BRDA:1656,166,1,0
BRDA:1712,167,0,0
BRDA:1712,167,1,0
BRDA:1721,168,0,0
BRDA:1721,168,1,0
BRDA:1734,169,0,0
BRDA:1734,169,1,0
BRDA:1756,170,0,0
BRDA:1756,170,1,0
BRDA:1757,171,0,0
BRDA:1757,171,1,0
BRDA:1772,172,0,0
BRDA:1772,172,1,0
BRDA:1778,173,0,0
BRDA:1778,173,1,0
BRDA:1778,174,0,0
BRDA:1778,174,1,0
BRDA:1792,175,0,0
BRDA:1792,175,1,0
BRDA:1797,176,0,0
BRDA:1797,176,1,0
BRDA:1797,177,0,0
BRDA:1797,177,1,0
BRDA:1801,178,0,0
BRDA:1801,178,1,0
BRDA:1815,179,0,0
BRDA:1815,179,1,0
BRDA:1820,180,0,0
BRDA:1820,180,1,0
BRDA:1820,181,0,0
BRDA:1820,181,1,0
BRDA:1835,182,0,0
BRDA:1835,182,1,0
BRDA:1839,183,0,0
BRDA:1839,183,1,0
BRDA:1844,184,0,0
BRDA:1844,184,1,0
BRDA:1844,185,0,0
BRDA:1844,185,1,0
BRDA:1858,186,0,0
BRDA:1858,186,1,0
BRDA:1863,187,0,0
BRDA:1863,187,1,0
BRDA:1864,188,0,0
BRDA:1864,188,1,0
BRDA:1889,189,0,0
BRDA:1889,189,1,0
BRDA:1895,190,0,0
BRDA:1895,190,1,0
BRDA:1896,191,0,0
BRDA:1896,191,1,0
BRDA:1897,192,0,0
BRDA:1897,192,1,0
BRDA:1911,193,0,0
BRDA:1911,193,1,0
BRDA:1916,194,0,0
BRDA:1916,194,1,0
BRDA:1923,195,0,0
BRDA:1923,195,1,0
BRDA:1924,196,0,0
BRDA:1924,196,1,0
BRDA:1925,197,0,0
BRDA:1925,197,1,0
BRDA:1950,198,0,0
BRDA:1950,198,1,0
BRDA:1956,199,0,0
BRDA:1956,199,1,0
BRDA:1957,200,0,0
BRDA:1957,200,1,0
BRDA:1958,201,0,0
BRDA:1958,201,1,0
BRDA:1973,202,0,0
BRDA:1973,202,1,0
BRDA:1977,203,0,0
BRDA:1977,203,1,0
BRDA:1983,204,0,0
BRDA:1983,204,1,0
BRDA:1984,205,0,0
BRDA:1984,205,1,0
BRDA:1985,206,0,0
BRDA:1985,206,1,0
BRDA:1999,207,0,0
BRDA:2001,208,0,0
BRDA:2001,208,1,0
BRDA:2004,209,0,0
BRDA:2004,209,1,0
BRDA:2007,210,0,0
BRDA:2007,210,1,0
BRDA:2013,211,0,0
BRDA:2013,211,1,0
BRDA:2018,212,0,0
BRDA:2018,212,1,0
BRDA:2019,213,0,0
BRDA:2019,213,1,0
BRDA:2020,214,0,0
BRDA:2020,214,1,0
BRDA:2074,215,0,0
BRDA:2074,215,1,0
BRDA:2083,216,0,0
BRDA:2083,216,1,0
BRDA:2083,216,2,0
BRDA:2083,216,3,0
BRDA:2083,216,4,0
BRDA:2099,217,0,0
BRDA:2099,217,1,0
BRDA:2099,217,2,0
BRDA:2099,217,3,0
BRDA:2099,217,4,0
BRDA:2115,218,0,0
BRDA:2115,218,1,0
BRDA:2128,219,0,0
BRDA:2128,219,1,0
BRDA:2142,220,0,0
BRDA:2142,220,1,0
BRDA:2143,221,0,0
BRDA:2143,221,1,0
BRDA:2156,222,0,0
BRDA:2156,222,1,0
BRDA:2169,223,0,0
BRDA:2169,223,1,0
BRDA:2182,224,0,0
BRDA:2182,224,1,0
BRDA:2195,225,0,0
BRDA:2195,225,1,0
BRDA:2196,226,0,0
BRDA:2196,226,1,0
BRF:471
BRH:0
end_of_record
TN:
SF:server/seed.ts
FN:3,seed
FN:109,(anonymous_1)
FN:110,(anonymous_2)
FNF:3
FNH:0
FNDA:0,seed
FNDA:0,(anonymous_1)
FNDA:0,(anonymous_2)
DA:4,0
DA:7,0
DA:31,0
DA:32,0
DA:33,0
DA:34,0
DA:36,0
DA:41,0
DA:54,0
DA:55,0
DA:56,0
DA:57,0
DA:59,0
DA:64,0
DA:65,0
DA:69,0
DA:71,0
DA:75,0
DA:76,0
DA:80,0
DA:82,0
DA:87,0
DA:88,0
DA:89,0
DA:90,0
DA:92,0
DA:100,0
DA:102,0
DA:105,0
DA:108,0
DA:109,0
DA:111,0
DA:112,0
LF:33
LH:0
BRF:0
BRH:0
end_of_record
TN:
SF:server/storage.ts
FN:275,(anonymous_0)
FN:280,(anonymous_1)
FN:284,(anonymous_2)
FN:296,(anonymous_3)
FN:307,(anonymous_4)
FN:352,(anonymous_5)
FN:377,(anonymous_6)
FN:383,(anonymous_7)
FN:448,(anonymous_8)
FN:469,(anonymous_9)
FN:477,(anonymous_10)
FN:485,(anonymous_11)
FN:494,(anonymous_12)
FN:499,(anonymous_13)
FN:507,(anonymous_14)
FN:514,(anonymous_15)
FN:522,(anonymous_16)
FN:531,(anonymous_17)
FN:543,(anonymous_18)
FN:555,(anonymous_19)
FN:559,(anonymous_20)
FN:564,(anonymous_21)
FN:568,(anonymous_22)
FN:573,(anonymous_23)
FN:583,(anonymous_24)
FN:597,(anonymous_25)
FN:602,(anonymous_26)
FN:606,(anonymous_27)
FN:611,(anonymous_28)
FN:616,(anonymous_29)
FN:621,(anonymous_30)
FN:626,(anonymous_31)
FN:630,(anonymous_32)
FN:635,(anonymous_33)
FN:648,(anonymous_34)
FN:653,(anonymous_35)
FN:665,(anonymous_36)
FN:668,(anonymous_37)
FN:669,(anonymous_38)
FN:670,(anonymous_39)
FN:675,(anonymous_40)
FN:683,(anonymous_41)
FN:710,(anonymous_42)
FN:718,(anonymous_43)
FN:744,(anonymous_44)
FN:752,(anonymous_45)
FN:798,(anonymous_46)
FN:817,(anonymous_47)
FN:821,(anonymous_48)
FN:826,(anonymous_49)
FN:831,(anonymous_50)
FN:840,(anonymous_51)
FN:845,(anonymous_52)
FN:849,(anonymous_53)
FN:854,(anonymous_54)
FN:862,(anonymous_55)
FN:873,(anonymous_56)
FN:878,(anonymous_57)
FN:887,(anonymous_58)
FN:892,(anonymous_59)
FN:917,(anonymous_60)
FN:923,(anonymous_61)
FN:988,(anonymous_62)
FN:1009,(anonymous_63)
FN:1017,(anonymous_64)
FN:1025,(anonymous_65)
FN:1034,(anonymous_66)
FN:1039,(anonymous_67)
FN:1047,(anonymous_68)
FN:1057,(anonymous_69)
FN:1062,(anonymous_70)
FN:1072,(anonymous_71)
FN:1104,(anonymous_72)
FN:1110,(anonymous_73)
FN:1177,(anonymous_74)
FN:1191,(anonymous_75)
FN:1199,(anonymous_76)
FN:1217,(anonymous_77)
FN:1228,(anonymous_78)
FN:1236,(anonymous_79)
FN:1245,(anonymous_80)
FN:1250,(anonymous_81)
FN:1258,(anonymous_82)
FN:1265,(anonymous_83)
FN:1282,(anonymous_84)
FN:1293,(anonymous_85)
FN:1301,(anonymous_86)
FN:1310,(anonymous_87)
FN:1319,(anonymous_88)
FN:1324,(anonymous_89)
FN:1388,(anonymous_90)
FN:1408,(anonymous_91)
FN:1416,(anonymous_92)
FN:1432,(anonymous_93)
FN:1443,(anonymous_94)
FN:1451,(anonymous_95)
FN:1460,(anonymous_96)
FN:1465,(anonymous_97)
FN:1473,(anonymous_98)
FN:1481,(anonymous_99)
FN:1498,(anonymous_100)
FN:1509,(anonymous_101)
FN:1517,(anonymous_102)
FN:1526,(anonymous_103)
FN:1535,(anonymous_104)
FN:1540,(anonymous_105)
FN:1580,(anonymous_106)
FN:1597,(anonymous_107)
FN:1662,(anonymous_108)
FN:1663,(anonymous_109)
FN:1671,(anonymous_110)
FN:1710,(anonymous_111)
FN:1712,(anonymous_112)
FN:1715,(anonymous_113)
FN:1740,(anonymous_114)
FN:1744,(anonymous_115)
FN:1749,(anonymous_116)
FN:1752,(anonymous_117)
FN:1776,(anonymous_118)
FN:1826,(anonymous_119)
FN:1830,(anonymous_120)
FN:1835,(anonymous_121)
FN:1838,(anonymous_122)
FN:1912,(anonymous_123)
FN:1916,(anonymous_124)
FN:1930,(anonymous_125)
FNF:126
FNH:0
FNDA:0,(anonymous_0)
FNDA:0,(anonymous_1)
FNDA:0,(anonymous_2)
FNDA:0,(anonymous_3)
FNDA:0,(anonymous_4)
FNDA:0,(anonymous_5)
FNDA:0,(anonymous_6)
FNDA:0,(anonymous_7)
FNDA:0,(anonymous_8)
FNDA:0,(anonymous_9)
FNDA:0,(anonymous_10)
FNDA:0,(anonymous_11)
FNDA:0,(anonymous_12)
FNDA:0,(anonymous_13)
FNDA:0,(anonymous_14)
FNDA:0,(anonymous_15)
FNDA:0,(anonymous_16)
FNDA:0,(anonymous_17)
FNDA:0,(anonymous_18)
FNDA:0,(anonymous_19)
FNDA:0,(anonymous_20)
FNDA:0,(anonymous_21)
FNDA:0,(anonymous_22)
FNDA:0,(anonymous_23)
FNDA:0,(anonymous_24)
FNDA:0,(anonymous_25)
FNDA:0,(anonymous_26)
FNDA:0,(anonymous_27)
FNDA:0,(anonymous_28)
FNDA:0,(anonymous_29)
FNDA:0,(anonymous_30)
FNDA:0,(anonymous_31)
FNDA:0,(anonymous_32)
FNDA:0,(anonymous_33)
FNDA:0,(anonymous_34)
FNDA:0,(anonymous_35)
FNDA:0,(anonymous_36)
FNDA:0,(anonymous_37)
FNDA:0,(anonymous_38)
FNDA:0,(anonymous_39)
FNDA:0,(anonymous_40)
FNDA:0,(anonymous_41)
FNDA:0,(anonymous_42)
FNDA:0,(anonymous_43)
FNDA:0,(anonymous_44)
FNDA:0,(anonymous_45)
FNDA:0,(anonymous_46)
FNDA:0,(anonymous_47)
FNDA:0,(anonymous_48)
FNDA:0,(anonymous_49)
FNDA:0,(anonymous_50)
FNDA:0,(anonymous_51)
FNDA:0,(anonymous_52)
FNDA:0,(anonymous_53)
FNDA:0,(anonymous_54)
FNDA:0,(anonymous_55)
FNDA:0,(anonymous_56)
FNDA:0,(anonymous_57)
FNDA:0,(anonymous_58)
FNDA:0,(anonymous_59)
FNDA:0,(anonymous_60)
FNDA:0,(anonymous_61)
FNDA:0,(anonymous_62)
FNDA:0,(anonymous_63)
FNDA:0,(anonymous_64)
FNDA:0,(anonymous_65)
FNDA:0,(anonymous_66)
FNDA:0,(anonymous_67)
FNDA:0,(anonymous_68)
FNDA:0,(anonymous_69)
FNDA:0,(anonymous_70)
FNDA:0,(anonymous_71)
FNDA:0,(anonymous_72)
FNDA:0,(anonymous_73)
FNDA:0,(anonymous_74)
FNDA:0,(anonymous_75)
FNDA:0,(anonymous_76)
FNDA:0,(anonymous_77)
FNDA:0,(anonymous_78)
FNDA:0,(anonymous_79)
FNDA:0,(anonymous_80)
FNDA:0,(anonymous_81)
FNDA:0,(anonymous_82)
FNDA:0,(anonymous_83)
FNDA:0,(anonymous_84)
FNDA:0,(anonymous_85)
FNDA:0,(anonymous_86)
FNDA:0,(anonymous_87)
FNDA:0,(anonymous_88)
FNDA:0,(anonymous_89)
FNDA:0,(anonymous_90)
FNDA:0,(anonymous_91)
FNDA:0,(anonymous_92)
FNDA:0,(anonymous_93)
FNDA:0,(anonymous_94)
FNDA:0,(anonymous_95)
FNDA:0,(anonymous_96)
FNDA:0,(anonymous_97)
FNDA:0,(anonymous_98)
FNDA:0,(anonymous_99)
FNDA:0,(anonymous_100)
FNDA:0,(anonymous_101)
FNDA:0,(anonymous_102)
FNDA:0,(anonymous_103)
FNDA:0,(anonymous_104)
FNDA:0,(anonymous_105)
FNDA:0,(anonymous_106)
FNDA:0,(anonymous_107)
FNDA:0,(anonymous_108)
FNDA:0,(anonymous_109)
FNDA:0,(anonymous_110)
FNDA:0,(anonymous_111)
FNDA:0,(anonymous_112)
FNDA:0,(anonymous_113)
FNDA:0,(anonymous_114)
FNDA:0,(anonymous_115)
FNDA:0,(anonymous_116)
FNDA:0,(anonymous_117)
FNDA:0,(anonymous_118)
FNDA:0,(anonymous_119)
FNDA:0,(anonymous_120)
FNDA:0,(anonymous_121)
FNDA:0,(anonymous_122)
FNDA:0,(anonymous_123)
FNDA:0,(anonymous_124)
FNDA:0,(anonymous_125)
DA:276,0
DA:277,0
DA:281,0
DA:285,0
DA:293,0
DA:297,0
DA:309,0
DA:310,0
DA:315,0
DA:317,0
DA:329,0
DA:334,0
DA:348,0
DA:354,0
DA:377,0
DA:399,0
DA:405,0
DA:413,0
DA:418,0
DA:419,0
DA:420,0
DA:423,0
DA:447,0
DA:448,0
DA:470,0
DA:474,0
DA:478,0
DA:482,0
DA:486,0
DA:491,0
DA:495,0
DA:500,0
DA:504,0
DA:508,0
DA:515,0
DA:519,0
DA:523,0
DA:528,0
DA:535,0
DA:540,0
DA:547,0
DA:552,0
DA:556,0
DA:560,0
DA:565,0
DA:569,0
DA:570,0
DA:575,0
DA:576,0
DA:579,0
DA:580,0
DA:585,0
DA:586,0
DA:589,0
DA:594,0
DA:598,0
DA:603,0
DA:607,0
DA:608,0
DA:612,0
DA:613,0
DA:617,0
DA:618,0
DA:622,0
DA:627,0
DA:631,0
DA:632,0
DA:636,0
DA:644,0
DA:649,0
DA:650,0
DA:654,0
DA:662,0
DA:666,0
DA:667,0
DA:668,0
DA:669,0
DA:670,0
DA:676,0
DA:680,0
DA:684,0
DA:710,0
DA:719,0
DA:744,0
DA:762,0
DA:765,0
DA:768,0
DA:771,0
DA:798,0
DA:805,0
DA:818,0
DA:822,0
DA:823,0
DA:827,0
DA:828,0
DA:832,0
DA:837,0
DA:841,0
DA:846,0
DA:850,0
DA:851,0
DA:855,0
DA:863,0
DA:864,0
DA:866,0
DA:874,0
DA:875,0
DA:879,0
DA:884,0
DA:888,0
DA:894,0
DA:917,0
DA:939,0
DA:945,0
DA:953,0
DA:958,0
DA:959,0
DA:960,0
DA:963,0
DA:987,0
DA:988,0
DA:1010,0
DA:1014,0
DA:1018,0
DA:1022,0
DA:1026,0
DA:1031,0
DA:1035,0
DA:1040,0
DA:1044,0
DA:1048,0
DA:1054,0
DA:1058,0
DA:1059,0
DA:1063,0
DA:1068,0
DA:1075,0
DA:1104,0
DA:1126,0
DA:1132,0
DA:1140,0
DA:1145,0
DA:1146,0
DA:1147,0
DA:1150,0
DA:1176,0
DA:1177,0
DA:1192,0
DA:1196,0
DA:1200,0
DA:1214,0
DA:1218,0
DA:1225,0
DA:1229,0
DA:1233,0
DA:1237,0
DA:1242,0
DA:1246,0
DA:1251,0
DA:1255,0
DA:1259,0
DA:1266,0
DA:1283,0
DA:1290,0
DA:1294,0
DA:1298,0
DA:1302,0
DA:1307,0
DA:1311,0
DA:1316,0
DA:1320,0
DA:1340,0
DA:1346,0
DA:1354,0
DA:1359,0
DA:1360,0
DA:1361,0
DA:1364,0
DA:1387,0
DA:1388,0
DA:1409,0
DA:1413,0
DA:1417,0
DA:1429,0
DA:1433,0
DA:1440,0
DA:1444,0
DA:1448,0
DA:1452,0
DA:1457,0
DA:1461,0
DA:1466,0
DA:1470,0
DA:1474,0
DA:1482,0
DA:1499,0
DA:1506,0
DA:1510,0
DA:1514,0
DA:1518,0
DA:1523,0
DA:1527,0
DA:1532,0
DA:1536,0
DA:1548,0
DA:1554,0
DA:1560,0
DA:1566,0
DA:1580,0
DA:1583,0
DA:1588,0
DA:1604,0
DA:1607,0
DA:1618,0
DA:1629,0
DA:1640,0
DA:1642,0
DA:1643,0
DA:1644,0
DA:1645,0
DA:1648,0
DA:1649,0
DA:1650,0
DA:1651,0
DA:1654,0
DA:1655,0
DA:1656,0
DA:1657,0
DA:1661,0
DA:1662,0
DA:1663,0
DA:1676,0
DA:1687,0
DA:1698,0
DA:1699,0
DA:1700,0
DA:1701,0
DA:1703,0
DA:1704,0
DA:1705,0
DA:1709,0
DA:1710,0
DA:1712,0
DA:1721,0
DA:1729,0
DA:1730,0
DA:1731,0
DA:1732,0
DA:1733,0
DA:1734,0
DA:1739,0
DA:1740,0
DA:1743,0
DA:1744,0
DA:1749,0
DA:1756,0
DA:1765,0
DA:1766,0
DA:1767,0
DA:1768,0
DA:1769,0
DA:1770,0
DA:1773,0
DA:1782,0
DA:1796,0
DA:1810,0
DA:1811,0
DA:1812,0
DA:1813,0
DA:1814,0
DA:1817,0
DA:1818,0
DA:1819,0
DA:1820,0
DA:1825,0
DA:1826,0
DA:1829,0
DA:1830,0
DA:1835,0
DA:1850,0
DA:1860,0
DA:1870,0
DA:1880,0
DA:1881,0
DA:1882,0
DA:1883,0
DA:1884,0
DA:1886,0
DA:1887,0
DA:1888,0
DA:1889,0
DA:1891,0
DA:1892,0
DA:1893,0
DA:1894,0
DA:1898,0
DA:1899,0
DA:1901,0
DA:1912,0
DA:1915,0
DA:1917,0
DA:1918,0
DA:1930,0
DA:1935,0
LF:304
LH:0
BRDA:309,0,0,0
BRDA:309,0,1,0
BRDA:315,1,0,0
BRDA:315,1,1,0
BRDA:385,2,0,0
BRDA:386,3,0,0
BRDA:405,4,0,0
BRDA:405,4,1,0
BRDA:405,5,0,0
BRDA:405,5,1,0
BRDA:575,6,0,0
BRDA:575,6,1,0
BRDA:585,7,0,0
BRDA:585,7,1,0
BRDA:765,8,0,0
BRDA:765,8,1,0
BRDA:863,9,0,0
BRDA:863,9,1,0
BRDA:925,10,0,0
BRDA:926,11,0,0
BRDA:945,12,0,0
BRDA:945,12,1,0
BRDA:945,13,0,0
BRDA:945,13,1,0
BRDA:1112,14,0,0
BRDA:1113,15,0,0
BRDA:1132,16,0,0
BRDA:1132,16,1,0
BRDA:1132,17,0,0
BRDA:1132,17,1,0
BRDA:1326,18,0,0
BRDA:1327,19,0,0
BRDA:1346,20,0,0
BRDA:1346,20,1,0
BRDA:1346,21,0,0
BRDA:1346,21,1,0
BRDA:1589,22,0,0
BRDA:1589,22,1,0
BRDA:1590,23,0,0
BRDA:1590,23,1,0
BRDA:1591,24,0,0
BRDA:1591,24,1,0
BRDA:1593,25,0,0
BRDA:1593,25,1,0
BRDA:1604,26,0,0
BRDA:1604,26,1,0
BRDA:1604,27,0,0
BRDA:1604,27,1,0
BRDA:1643,28,0,0
BRDA:1643,28,1,0
BRDA:1649,29,0,0
BRDA:1649,29,1,0
BRDA:1655,30,0,0
BRDA:1655,30,1,0
BRDA:1671,31,0,0
BRDA:1700,32,0,0
BRDA:1700,32,1,0
BRDA:1704,33,0,0
BRDA:1704,33,1,0
BRDA:1731,34,0,0
BRDA:1731,34,1,0
BRDA:1733,35,0,0
BRDA:1733,35,1,0
BRDA:1746,36,0,0
BRDA:1746,36,1,0
BRDA:1767,37,0,0
BRDA:1767,37,1,0
BRDA:1769,38,0,0
BRDA:1769,38,1,0
BRDA:1812,39,0,0
BRDA:1812,39,1,0
BRDA:1813,40,0,0
BRDA:1813,40,1,0
BRDA:1818,41,0,0
BRDA:1818,41,1,0
BRDA:1819,42,0,0
BRDA:1819,42,1,0
BRDA:1832,43,0,0
BRDA:1832,43,1,0
BRDA:1838,44,0,0
BRDA:1882,45,0,0
BRDA:1882,45,1,0
BRDA:1887,46,0,0
BRDA:1887,46,1,0
BRDA:1892,47,0,0
BRDA:1892,47,1,0
BRDA:1899,48,0,0
BRDA:1899,48,1,0
BRDA:1920,49,0,0
BRDA:1920,49,1,0
BRDA:1921,50,0,0
BRDA:1921,50,1,0
BRDA:1922,51,0,0
BRDA:1922,51,1,0
BRDA:1923,52,0,0
BRDA:1923,52,1,0
BRF:96
BRH:0
end_of_record
TN:
SF:server/translationService.ts
FN:25,(anonymous_0)
FN:30,(anonymous_1)
FN:38,(anonymous_2)
FN:39,(anonymous_3)
FN:45,(anonymous_4)
FN:48,(anonymous_5)
FN:65,(anonymous_6)
FN:153,(anonymous_7)
FN:177,(anonymous_8)
FN:209,(anonymous_9)
FN:245,(anonymous_10)
FN:275,(anonymous_11)
FN:375,(anonymous_12)
FN:406,(anonymous_13)
FN:496,(anonymous_14)
FN:596,(anonymous_15)
FN:630,(anonymous_16)
FNF:17
FNH:0
FNDA:0,(anonymous_0)
FNDA:0,(anonymous_1)
FNDA:0,(anonymous_2)
FNDA:0,(anonymous_3)
FNDA:0,(anonymous_4)
FNDA:0,(anonymous_5)
FNDA:0,(anonymous_6)
FNDA:0,(anonymous_7)
FNDA:0,(anonymous_8)
FNDA:0,(anonymous_9)
FNDA:0,(anonymous_10)
FNDA:0,(anonymous_11)
FNDA:0,(anonymous_12)
FNDA:0,(anonymous_13)
FNDA:0,(anonymous_14)
FNDA:0,(anonymous_15)
FNDA:0,(anonymous_16)
DA:28,0
DA:31,0
DA:32,0
DA:33,0
DA:35,0
DA:39,0
DA:46,0
DA:48,0
DA:50,0
DA:51,0
DA:52,0
DA:53,0
DA:57,0
DA:66,0
DA:67,0
DA:68,0
DA:73,0
DA:74,0
DA:75,0
DA:77,0
DA:78,0
DA:79,0
DA:81,0
DA:88,0
DA:89,0
DA:90,0
DA:91,0
DA:92,0
DA:94,0
DA:95,0
DA:97,0
DA:98,0
DA:99,0
DA:102,0
DA:103,0
DA:104,0
DA:107,0
DA:108,0
DA:109,0
DA:112,0
DA:113,0
DA:114,0
DA:115,0
DA:116,0
DA:117,0
DA:119,0
DA:120,0
DA:122,0
DA:123,0
DA:124,0
DA:126,0
DA:136,0
DA:137,0
DA:138,0
DA:140,0
DA:141,0
DA:142,0
DA:144,0
DA:149,0
DA:150,0
DA:154,0
DA:156,0
DA:158,0
DA:159,0
DA:165,0
DA:166,0
DA:173,0
DA:186,0
DA:195,0
DA:203,0
DA:217,0
DA:220,0
DA:223,0
DA:224,0
DA:229,0
DA:230,0
DA:236,0
DA:239,0
DA:252,0
DA:256,0
DA:257,0
DA:263,0
DA:264,0
DA:271,0
DA:281,0
DA:287,0
DA:293,0
DA:296,0
DA:307,0
DA:308,0
DA:315,0
DA:317,0
DA:318,0
DA:321,0
DA:327,0
DA:330,0
DA:332,0
DA:334,0
DA:335,0
DA:336,0
DA:340,0
DA:341,0
DA:342,0
DA:343,0
DA:344,0
DA:345,0
DA:346,0
DA:350,0
DA:351,0
DA:352,0
DA:357,0
DA:360,0
DA:361,0
DA:362,0
DA:363,0
DA:364,0
DA:366,0
DA:369,0
DA:370,0
DA:371,0
DA:381,0
DA:385,0
DA:387,0
DA:389,0
DA:398,0
DA:399,0
DA:400,0
DA:403,0
DA:411,0
DA:414,0
DA:421,0
DA:425,0
DA:437,0
DA:438,0
DA:444,0
DA:446,0
DA:447,0
DA:450,0
DA:455,0
DA:458,0
DA:459,0
DA:460,0
DA:461,0
DA:462,0
DA:465,0
DA:466,0
DA:467,0
DA:468,0
DA:469,0
DA:470,0
DA:471,0
DA:476,0
DA:478,0
DA:479,0
DA:482,0
DA:483,0
DA:484,0
DA:485,0
DA:487,0
DA:489,0
DA:490,0
DA:491,0
DA:492,0
DA:502,0
DA:503,0
DA:510,0
DA:513,0
DA:528,0
DA:540,0
DA:541,0
DA:547,0
DA:548,0
DA:550,0
DA:552,0
DA:557,0
DA:560,0
DA:561,0
DA:562,0
DA:563,0
DA:564,0
DA:567,0
DA:568,0
DA:569,0
DA:570,0
DA:571,0
DA:572,0
DA:573,0
DA:578,0
DA:580,0
DA:581,0
DA:584,0
DA:585,0
DA:587,0
DA:589,0
DA:590,0
DA:591,0
DA:592,0
DA:601,0
DA:602,0
DA:605,0
DA:609,0
DA:618,0
DA:619,0
DA:620,0
DA:622,0
DA:623,0
DA:624,0
DA:625,0
DA:627,0
DA:636,0
DA:637,0
DA:640,0
DA:643,0
DA:645,0
DA:656,0
DA:657,0
DA:658,0
DA:660,0
DA:662,0
DA:667,0
LF:220
LH:0
BRDA:32,0,0,0
BRDA:32,0,1,0
BRDA:46,1,0,0
BRDA:46,1,1,0
BRDA:46,2,0,0
BRDA:46,2,1,0
BRDA:46,2,2,0
BRDA:50,3,0,0
BRDA:50,3,1,0
BRDA:50,4,0,0
BRDA:50,4,1,0
BRDA:50,4,2,0
BRDA:50,4,3,0
BRDA:52,5,0,0
BRDA:52,5,1,0
BRDA:52,6,0,0
BRDA:52,6,1,0
BRDA:65,7,0,0
BRDA:66,8,0,0
BRDA:66,8,1,0
BRDA:74,9,0,0
BRDA:74,9,1,0
BRDA:81,10,0,0
BRDA:81,10,1,0
BRDA:89,11,0,0
BRDA:89,11,1,0
BRDA:97,12,0,0
BRDA:97,12,1,0
BRDA:102,13,0,0
BRDA:102,13,1,0
BRDA:107,14,0,0
BRDA:107,14,1,0
BRDA:107,15,0,0
BRDA:107,15,1,0
BRDA:112,16,0,0
BRDA:112,16,1,0
BRDA:113,17,0,0
BRDA:113,17,1,0
BRDA:115,18,0,0
BRDA:115,18,1,0
BRDA:117,19,0,0
BRDA:117,19,1,0
BRDA:126,20,0,0
BRDA:126,20,1,0
BRDA:137,21,0,0
BRDA:137,21,1,0
BRDA:144,22,0,0
BRDA:144,22,1,0
BRDA:158,23,0,0
BRDA:158,23,1,0
BRDA:163,24,0,0
BRDA:163,24,1,0
BRDA:165,25,0,0
BRDA:165,25,1,0
BRDA:170,26,0,0
BRDA:170,26,1,0
BRDA:223,27,0,0
BRDA:223,27,1,0
BRDA:227,28,0,0
BRDA:227,28,1,0
BRDA:229,29,0,0
BRDA:229,29,1,0
BRDA:233,30,0,0
BRDA:233,30,1,0
BRDA:256,31,0,0
BRDA:256,31,1,0
BRDA:261,32,0,0
BRDA:261,32,1,0
BRDA:263,33,0,0
BRDA:263,33,1,0
BRDA:268,34,0,0
BRDA:268,34,1,0
BRDA:307,35,0,0
BRDA:307,35,1,0
BRDA:332,36,0,0
BRDA:332,36,1,0
BRDA:334,37,0,0
BRDA:334,37,1,0
BRDA:334,38,0,0
BRDA:334,38,1,0
BRDA:340,39,0,0
BRDA:340,39,1,0
BRDA:340,40,0,0
BRDA:340,40,1,0
BRDA:344,41,0,0
BRDA:344,41,1,0
BRDA:344,42,0,0
BRDA:344,42,1,0
BRDA:345,43,0,0
BRDA:345,43,1,0
BRDA:351,44,0,0
BRDA:351,44,1,0
BRDA:351,45,0,0
BRDA:351,45,1,0
BRDA:351,45,2,0
BRDA:360,46,0,0
BRDA:360,46,1,0
BRDA:360,47,0,0
BRDA:360,47,1,0
BRDA:363,48,0,0
BRDA:363,48,1,0
BRDA:399,49,0,0
BRDA:399,49,1,0
BRDA:437,50,0,0
BRDA:437,50,1,0
BRDA:459,51,0,0
BRDA:459,51,1,0
BRDA:460,52,0,0
BRDA:460,52,1,0
BRDA:460,53,0,0
BRDA:460,53,1,0
BRDA:465,54,0,0
BRDA:465,54,1,0
BRDA:465,55,0,0
BRDA:465,55,1,0
BRDA:469,56,0,0
BRDA:469,56,1,0
BRDA:469,57,0,0
BRDA:469,57,1,0
BRDA:470,58,0,0
BRDA:470,58,1,0
BRDA:478,59,0,0
BRDA:478,59,1,0
BRDA:478,60,0,0
BRDA:478,60,1,0
BRDA:489,61,0,0
BRDA:489,61,1,0
BRDA:540,62,0,0
BRDA:540,62,1,0
BRDA:561,63,0,0
BRDA:561,63,1,0
BRDA:562,64,0,0
BRDA:562,64,1,0
BRDA:562,65,0,0
BRDA:562,65,1,0
BRDA:567,66,0,0
BRDA:567,66,1,0
BRDA:567,67,0,0
BRDA:567,67,1,0
BRDA:571,68,0,0
BRDA:571,68,1,0
BRDA:571,69,0,0
BRDA:571,69,1,0
BRDA:572,70,0,0
BRDA:572,70,1,0
BRDA:580,71,0,0
BRDA:580,71,1,0
BRDA:580,72,0,0
BRDA:580,72,1,0
BRDA:589,73,0,0
BRDA:589,73,1,0
BRDA:619,74,0,0
BRDA:619,74,1,0
BRDA:657,75,0,0
BRDA:657,75,1,0
BRF:155
BRH:0
end_of_record
TN:
SF:shared/schema.ts
FN:25,(anonymous_0)
FN:48,(anonymous_1)
FN:53,(anonymous_2)
FN:58,(anonymous_3)
FN:97,(anonymous_4)
FN:101,(anonymous_5)
FN:110,(anonymous_6)
FN:205,(anonymous_7)
FN:206,(anonymous_8)
FN:207,(anonymous_9)
FN:215,(anonymous_10)
FN:260,(anonymous_11)
FN:268,(anonymous_12)
FN:290,(anonymous_13)
FN:295,(anonymous_14)
FN:300,(anonymous_15)
FN:335,(anonymous_16)
FN:337,(anonymous_17)
FN:343,(anonymous_18)
FN:366,(anonymous_19)
FN:372,(anonymous_20)
FN:377,(anonymous_21)
FN:409,(anonymous_22)
FN:414,(anonymous_23)
FN:420,(anonymous_24)
FN:446,(anonymous_25)
FN:455,(anonymous_26)
FN:486,(anonymous_27)
FN:496,(anonymous_28)
FNF:29
FNH:0
FNDA:0,(anonymous_0)
FNDA:0,(anonymous_1)
FNDA:0,(anonymous_2)
FNDA:0,(anonymous_3)
FNDA:0,(anonymous_4)
FNDA:0,(anonymous_5)
FNDA:0,(anonymous_6)
FNDA:0,(anonymous_7)
FNDA:0,(anonymous_8)
FNDA:0,(anonymous_9)
FNDA:0,(anonymous_10)
FNDA:0,(anonymous_11)
FNDA:0,(anonymous_12)
FNDA:0,(anonymous_13)
FNDA:0,(anonymous_14)
FNDA:0,(anonymous_15)
FNDA:0,(anonymous_16)
FNDA:0,(anonymous_17)
FNDA:0,(anonymous_18)
FNDA:0,(anonymous_19)
FNDA:0,(anonymous_20)
FNDA:0,(anonymous_21)
FNDA:0,(anonymous_22)
FNDA:0,(anonymous_23)
FNDA:0,(anonymous_24)
FNDA:0,(anonymous_25)
FNDA:0,(anonymous_26)
FNDA:0,(anonymous_27)
FNDA:0,(anonymous_28)
DA:18,1
DA:25,0
DA:29,1
DA:46,1
DA:48,0
DA:53,0
DA:58,1
DA:70,1
DA:91,1
DA:92,1
DA:95,1
DA:97,0
DA:101,0
DA:110,1
DA:121,1
DA:131,1
DA:141,1
DA:150,1
DA:159,1
DA:168,1
DA:175,1
DA:184,1
DA:191,1
DA:200,1
DA:203,1
DA:205,0
DA:206,0
DA:207,0
DA:215,1
DA:230,1
DA:239,1
DA:248,1
DA:258,1
DA:260,0
DA:268,1
DA:275,1
DA:285,1
DA:288,1
DA:290,0
DA:295,0
DA:300,1
DA:312,1
DA:333,1
DA:335,0
DA:337,0
DA:343,1
DA:354,1
DA:364,1
DA:366,0
DA:372,0
DA:377,1
DA:389,1
DA:407,1
DA:409,0
DA:414,0
DA:420,1
DA:431,1
DA:441,1
DA:444,1
DA:446,0
DA:455,1
DA:463,1
DA:484,1
DA:486,0
DA:496,1
DA:503,1
LF:66
LH:47
BRF:0
BRH:0
end_of_record
